[0.264s] Invoking command in '/home/moutik/Downloads/turtlebot3-master/build/turtlebot3_bringup': CMAKE_PREFIX_PATH=/home/moutik/Downloads/turtlebot3-master/install/turtlebot3_teleop:/home/moutik/Downloads/turtlebot3-master/install/turtlebot3_description:/home/moutik/Downloads/turtlebot3-master/install/turtlebot3_slam:/home/moutik/Downloads/turtlebot3-master/install/turtlebot3_navigation:/home/moutik/Downloads/turtlebot3-master/install/turtlebot3_example:/home/moutik/Downloads/turtlebot3-master/install/turtlebot3_bringup:/opt/ros/melodic PKG_CONFIG_PATH=/home/moutik/Downloads/turtlebot3-master/install/turtlebot3_teleop/lib/x86_64-linux-gnu/pkgconfig:/home/moutik/Downloads/turtlebot3-master/install/turtlebot3_teleop/lib/pkgconfig:/home/moutik/Downloads/turtlebot3-master/install/turtlebot3_description/lib/x86_64-linux-gnu/pkgconfig:/home/moutik/Downloads/turtlebot3-master/install/turtlebot3_description/lib/pkgconfig:/home/moutik/Downloads/turtlebot3-master/install/turtlebot3/lib/x86_64-linux-gnu/pkgconfig:/home/moutik/Downloads/turtlebot3-master/install/turtlebot3/lib/pkgconfig:/home/moutik/Downloads/turtlebot3-master/install/turtlebot3_slam/lib/x86_64-linux-gnu/pkgconfig:/home/moutik/Downloads/turtlebot3-master/install/turtlebot3_slam/lib/pkgconfig:/home/moutik/Downloads/turtlebot3-master/install/turtlebot3_navigation/lib/x86_64-linux-gnu/pkgconfig:/home/moutik/Downloads/turtlebot3-master/install/turtlebot3_navigation/lib/pkgconfig:/home/moutik/Downloads/turtlebot3-master/install/turtlebot3_example/lib/x86_64-linux-gnu/pkgconfig:/home/moutik/Downloads/turtlebot3-master/install/turtlebot3_example/lib/pkgconfig:/home/moutik/Downloads/turtlebot3-master/install/turtlebot3_bringup/lib/x86_64-linux-gnu/pkgconfig:/home/moutik/Downloads/turtlebot3-master/install/turtlebot3_bringup/lib/pkgconfig:/opt/ros/melodic/lib/pkgconfig PYTHONPATH=/home/moutik/Downloads/turtlebot3-master/install/turtlebot3_teleop/lib/python2.7/dist-packages:/home/moutik/Downloads/turtlebot3-master/install/turtlebot3_example/lib/python2.7/dist-packages:/opt/ros/melodic/lib/python2.7/dist-packages ROS_PACKAGE_PATH=/home/moutik/Downloads/turtlebot3-master/install/turtlebot3_teleop/share:/home/moutik/Downloads/turtlebot3-master/install/turtlebot3_description/share:/home/moutik/Downloads/turtlebot3-master/install/turtlebot3/share:/home/moutik/Downloads/turtlebot3-master/install/turtlebot3_slam/share:/home/moutik/Downloads/turtlebot3-master/install/turtlebot3_navigation/share:/home/moutik/Downloads/turtlebot3-master/install/turtlebot3_example/share:/home/moutik/Downloads/turtlebot3-master/install/turtlebot3_bringup/share:/opt/ros/melodic/share /usr/bin/cmake --build /home/moutik/Downloads/turtlebot3-master/build/turtlebot3_bringup -- -j2 -l2
[0.785s] [  0%] Built target turtlebot3_msgs_generate_messages_cpp
[0.966s] [  0%] Built target turtlebot3_msgs_generate_messages_nodejs
[1.179s] [  0%] Built target turtlebot3_msgs_generate_messages_lisp
[1.346s] [  0%] Built target turtlebot3_msgs_generate_messages_eus
[1.543s] [  0%] Built target rosgraph_msgs_generate_messages_nodejs
[1.712s] [  0%] Built target rosgraph_msgs_generate_messages_py
[1.919s] [  0%] Built target std_msgs_generate_messages_eus
[2.107s] [  0%] Built target rosgraph_msgs_generate_messages_lisp
[2.327s] [  0%] Built target rosgraph_msgs_generate_messages_eus
[2.554s] [  0%] Built target rosgraph_msgs_generate_messages_cpp
[2.796s] [  0%] Built target roscpp_generate_messages_py
[3.091s] [  0%] Built target std_msgs_generate_messages_py
[3.244s] [  0%] Built target geometry_msgs_generate_messages_eus
[3.401s] [  0%] Built target roscpp_generate_messages_nodejs
[3.537s] [  0%] Built target roscpp_generate_messages_eus
[3.664s] [  0%] Built target roscpp_generate_messages_lisp
[3.806s] [  0%] Built target std_msgs_generate_messages_cpp
[3.948s] [  0%] Built target geometry_msgs_generate_messages_nodejs
[4.178s] [  0%] Built target sensor_msgs_generate_messages_py
[4.394s] [  0%] Built target diagnostic_msgs_generate_messages_cpp
[4.563s] [  0%] Built target diagnostic_msgs_generate_messages_eus
[4.697s] [  0%] Built target std_msgs_generate_messages_lisp
[4.861s] [  0%] Built target sensor_msgs_generate_messages_cpp
[5.067s] [  0%] Built target sensor_msgs_generate_messages_eus
[5.269s] [  0%] Built target std_msgs_generate_messages_nodejs
[5.488s] [  0%] Built target sensor_msgs_generate_messages_lisp
[5.679s] [  0%] Built target turtlebot3_msgs_generate_messages_py
[5.829s] [  0%] Built target roscpp_generate_messages_cpp
[5.984s] [  0%] Built target sensor_msgs_generate_messages_nodejs
[6.141s] [  0%] Built target diagnostic_msgs_generate_messages_py
[6.304s] [  0%] Built target geometry_msgs_generate_messages_cpp
[6.465s] [  0%] Built target geometry_msgs_generate_messages_lisp
[6.637s] [  0%] Built target geometry_msgs_generate_messages_py
[6.781s] [  0%] Built target diagnostic_msgs_generate_messages_lisp
[6.923s] [  0%] Built target diagnostic_msgs_generate_messages_nodejs
[7.104s] [100%] Built target turtlebot3_diagnostics
[7.161s] Invoked command in '/home/moutik/Downloads/turtlebot3-master/build/turtlebot3_bringup' returned '0': CMAKE_PREFIX_PATH=/home/moutik/Downloads/turtlebot3-master/install/turtlebot3_teleop:/home/moutik/Downloads/turtlebot3-master/install/turtlebot3_description:/home/moutik/Downloads/turtlebot3-master/install/turtlebot3_slam:/home/moutik/Downloads/turtlebot3-master/install/turtlebot3_navigation:/home/moutik/Downloads/turtlebot3-master/install/turtlebot3_example:/home/moutik/Downloads/turtlebot3-master/install/turtlebot3_bringup:/opt/ros/melodic PKG_CONFIG_PATH=/home/moutik/Downloads/turtlebot3-master/install/turtlebot3_teleop/lib/x86_64-linux-gnu/pkgconfig:/home/moutik/Downloads/turtlebot3-master/install/turtlebot3_teleop/lib/pkgconfig:/home/moutik/Downloads/turtlebot3-master/install/turtlebot3_description/lib/x86_64-linux-gnu/pkgconfig:/home/moutik/Downloads/turtlebot3-master/install/turtlebot3_description/lib/pkgconfig:/home/moutik/Downloads/turtlebot3-master/install/turtlebot3/lib/x86_64-linux-gnu/pkgconfig:/home/moutik/Downloads/turtlebot3-master/install/turtlebot3/lib/pkgconfig:/home/moutik/Downloads/turtlebot3-master/install/turtlebot3_slam/lib/x86_64-linux-gnu/pkgconfig:/home/moutik/Downloads/turtlebot3-master/install/turtlebot3_slam/lib/pkgconfig:/home/moutik/Downloads/turtlebot3-master/install/turtlebot3_navigation/lib/x86_64-linux-gnu/pkgconfig:/home/moutik/Downloads/turtlebot3-master/install/turtlebot3_navigation/lib/pkgconfig:/home/moutik/Downloads/turtlebot3-master/install/turtlebot3_example/lib/x86_64-linux-gnu/pkgconfig:/home/moutik/Downloads/turtlebot3-master/install/turtlebot3_example/lib/pkgconfig:/home/moutik/Downloads/turtlebot3-master/install/turtlebot3_bringup/lib/x86_64-linux-gnu/pkgconfig:/home/moutik/Downloads/turtlebot3-master/install/turtlebot3_bringup/lib/pkgconfig:/opt/ros/melodic/lib/pkgconfig PYTHONPATH=/home/moutik/Downloads/turtlebot3-master/install/turtlebot3_teleop/lib/python2.7/dist-packages:/home/moutik/Downloads/turtlebot3-master/install/turtlebot3_example/lib/python2.7/dist-packages:/opt/ros/melodic/lib/python2.7/dist-packages ROS_PACKAGE_PATH=/home/moutik/Downloads/turtlebot3-master/install/turtlebot3_teleop/share:/home/moutik/Downloads/turtlebot3-master/install/turtlebot3_description/share:/home/moutik/Downloads/turtlebot3-master/install/turtlebot3/share:/home/moutik/Downloads/turtlebot3-master/install/turtlebot3_slam/share:/home/moutik/Downloads/turtlebot3-master/install/turtlebot3_navigation/share:/home/moutik/Downloads/turtlebot3-master/install/turtlebot3_example/share:/home/moutik/Downloads/turtlebot3-master/install/turtlebot3_bringup/share:/opt/ros/melodic/share /usr/bin/cmake --build /home/moutik/Downloads/turtlebot3-master/build/turtlebot3_bringup -- -j2 -l2
[7.680s] Invoking command in '/home/moutik/Downloads/turtlebot3-master/build/turtlebot3_bringup': CMAKE_PREFIX_PATH=/home/moutik/Downloads/turtlebot3-master/install/turtlebot3_teleop:/home/moutik/Downloads/turtlebot3-master/install/turtlebot3_description:/home/moutik/Downloads/turtlebot3-master/install/turtlebot3_slam:/home/moutik/Downloads/turtlebot3-master/install/turtlebot3_navigation:/home/moutik/Downloads/turtlebot3-master/install/turtlebot3_example:/home/moutik/Downloads/turtlebot3-master/install/turtlebot3_bringup:/opt/ros/melodic PKG_CONFIG_PATH=/home/moutik/Downloads/turtlebot3-master/install/turtlebot3_teleop/lib/x86_64-linux-gnu/pkgconfig:/home/moutik/Downloads/turtlebot3-master/install/turtlebot3_teleop/lib/pkgconfig:/home/moutik/Downloads/turtlebot3-master/install/turtlebot3_description/lib/x86_64-linux-gnu/pkgconfig:/home/moutik/Downloads/turtlebot3-master/install/turtlebot3_description/lib/pkgconfig:/home/moutik/Downloads/turtlebot3-master/install/turtlebot3/lib/x86_64-linux-gnu/pkgconfig:/home/moutik/Downloads/turtlebot3-master/install/turtlebot3/lib/pkgconfig:/home/moutik/Downloads/turtlebot3-master/install/turtlebot3_slam/lib/x86_64-linux-gnu/pkgconfig:/home/moutik/Downloads/turtlebot3-master/install/turtlebot3_slam/lib/pkgconfig:/home/moutik/Downloads/turtlebot3-master/install/turtlebot3_navigation/lib/x86_64-linux-gnu/pkgconfig:/home/moutik/Downloads/turtlebot3-master/install/turtlebot3_navigation/lib/pkgconfig:/home/moutik/Downloads/turtlebot3-master/install/turtlebot3_example/lib/x86_64-linux-gnu/pkgconfig:/home/moutik/Downloads/turtlebot3-master/install/turtlebot3_example/lib/pkgconfig:/home/moutik/Downloads/turtlebot3-master/install/turtlebot3_bringup/lib/x86_64-linux-gnu/pkgconfig:/home/moutik/Downloads/turtlebot3-master/install/turtlebot3_bringup/lib/pkgconfig:/opt/ros/melodic/lib/pkgconfig PYTHONPATH=/home/moutik/Downloads/turtlebot3-master/install/turtlebot3_teleop/lib/python2.7/dist-packages:/home/moutik/Downloads/turtlebot3-master/install/turtlebot3_example/lib/python2.7/dist-packages:/opt/ros/melodic/lib/python2.7/dist-packages ROS_PACKAGE_PATH=/home/moutik/Downloads/turtlebot3-master/install/turtlebot3_teleop/share:/home/moutik/Downloads/turtlebot3-master/install/turtlebot3_description/share:/home/moutik/Downloads/turtlebot3-master/install/turtlebot3/share:/home/moutik/Downloads/turtlebot3-master/install/turtlebot3_slam/share:/home/moutik/Downloads/turtlebot3-master/install/turtlebot3_navigation/share:/home/moutik/Downloads/turtlebot3-master/install/turtlebot3_example/share:/home/moutik/Downloads/turtlebot3-master/install/turtlebot3_bringup/share:/opt/ros/melodic/share /usr/bin/cmake --build /home/moutik/Downloads/turtlebot3-master/build/turtlebot3_bringup --target tests -- -j2 -l2
[8.220s] Built target tests
[8.314s] Invoked command in '/home/moutik/Downloads/turtlebot3-master/build/turtlebot3_bringup' returned '0': CMAKE_PREFIX_PATH=/home/moutik/Downloads/turtlebot3-master/install/turtlebot3_teleop:/home/moutik/Downloads/turtlebot3-master/install/turtlebot3_description:/home/moutik/Downloads/turtlebot3-master/install/turtlebot3_slam:/home/moutik/Downloads/turtlebot3-master/install/turtlebot3_navigation:/home/moutik/Downloads/turtlebot3-master/install/turtlebot3_example:/home/moutik/Downloads/turtlebot3-master/install/turtlebot3_bringup:/opt/ros/melodic PKG_CONFIG_PATH=/home/moutik/Downloads/turtlebot3-master/install/turtlebot3_teleop/lib/x86_64-linux-gnu/pkgconfig:/home/moutik/Downloads/turtlebot3-master/install/turtlebot3_teleop/lib/pkgconfig:/home/moutik/Downloads/turtlebot3-master/install/turtlebot3_description/lib/x86_64-linux-gnu/pkgconfig:/home/moutik/Downloads/turtlebot3-master/install/turtlebot3_description/lib/pkgconfig:/home/moutik/Downloads/turtlebot3-master/install/turtlebot3/lib/x86_64-linux-gnu/pkgconfig:/home/moutik/Downloads/turtlebot3-master/install/turtlebot3/lib/pkgconfig:/home/moutik/Downloads/turtlebot3-master/install/turtlebot3_slam/lib/x86_64-linux-gnu/pkgconfig:/home/moutik/Downloads/turtlebot3-master/install/turtlebot3_slam/lib/pkgconfig:/home/moutik/Downloads/turtlebot3-master/install/turtlebot3_navigation/lib/x86_64-linux-gnu/pkgconfig:/home/moutik/Downloads/turtlebot3-master/install/turtlebot3_navigation/lib/pkgconfig:/home/moutik/Downloads/turtlebot3-master/install/turtlebot3_example/lib/x86_64-linux-gnu/pkgconfig:/home/moutik/Downloads/turtlebot3-master/install/turtlebot3_example/lib/pkgconfig:/home/moutik/Downloads/turtlebot3-master/install/turtlebot3_bringup/lib/x86_64-linux-gnu/pkgconfig:/home/moutik/Downloads/turtlebot3-master/install/turtlebot3_bringup/lib/pkgconfig:/opt/ros/melodic/lib/pkgconfig PYTHONPATH=/home/moutik/Downloads/turtlebot3-master/install/turtlebot3_teleop/lib/python2.7/dist-packages:/home/moutik/Downloads/turtlebot3-master/install/turtlebot3_example/lib/python2.7/dist-packages:/opt/ros/melodic/lib/python2.7/dist-packages ROS_PACKAGE_PATH=/home/moutik/Downloads/turtlebot3-master/install/turtlebot3_teleop/share:/home/moutik/Downloads/turtlebot3-master/install/turtlebot3_description/share:/home/moutik/Downloads/turtlebot3-master/install/turtlebot3/share:/home/moutik/Downloads/turtlebot3-master/install/turtlebot3_slam/share:/home/moutik/Downloads/turtlebot3-master/install/turtlebot3_navigation/share:/home/moutik/Downloads/turtlebot3-master/install/turtlebot3_example/share:/home/moutik/Downloads/turtlebot3-master/install/turtlebot3_bringup/share:/opt/ros/melodic/share /usr/bin/cmake --build /home/moutik/Downloads/turtlebot3-master/build/turtlebot3_bringup --target tests -- -j2 -l2
[8.920s] Invoking command in '/home/moutik/Downloads/turtlebot3-master/build/turtlebot3_bringup': CMAKE_PREFIX_PATH=/home/moutik/Downloads/turtlebot3-master/install/turtlebot3_teleop:/home/moutik/Downloads/turtlebot3-master/install/turtlebot3_description:/home/moutik/Downloads/turtlebot3-master/install/turtlebot3_slam:/home/moutik/Downloads/turtlebot3-master/install/turtlebot3_navigation:/home/moutik/Downloads/turtlebot3-master/install/turtlebot3_example:/home/moutik/Downloads/turtlebot3-master/install/turtlebot3_bringup:/opt/ros/melodic PKG_CONFIG_PATH=/home/moutik/Downloads/turtlebot3-master/install/turtlebot3_teleop/lib/x86_64-linux-gnu/pkgconfig:/home/moutik/Downloads/turtlebot3-master/install/turtlebot3_teleop/lib/pkgconfig:/home/moutik/Downloads/turtlebot3-master/install/turtlebot3_description/lib/x86_64-linux-gnu/pkgconfig:/home/moutik/Downloads/turtlebot3-master/install/turtlebot3_description/lib/pkgconfig:/home/moutik/Downloads/turtlebot3-master/install/turtlebot3/lib/x86_64-linux-gnu/pkgconfig:/home/moutik/Downloads/turtlebot3-master/install/turtlebot3/lib/pkgconfig:/home/moutik/Downloads/turtlebot3-master/install/turtlebot3_slam/lib/x86_64-linux-gnu/pkgconfig:/home/moutik/Downloads/turtlebot3-master/install/turtlebot3_slam/lib/pkgconfig:/home/moutik/Downloads/turtlebot3-master/install/turtlebot3_navigation/lib/x86_64-linux-gnu/pkgconfig:/home/moutik/Downloads/turtlebot3-master/install/turtlebot3_navigation/lib/pkgconfig:/home/moutik/Downloads/turtlebot3-master/install/turtlebot3_example/lib/x86_64-linux-gnu/pkgconfig:/home/moutik/Downloads/turtlebot3-master/install/turtlebot3_example/lib/pkgconfig:/home/moutik/Downloads/turtlebot3-master/install/turtlebot3_bringup/lib/x86_64-linux-gnu/pkgconfig:/home/moutik/Downloads/turtlebot3-master/install/turtlebot3_bringup/lib/pkgconfig:/opt/ros/melodic/lib/pkgconfig PYTHONPATH=/home/moutik/Downloads/turtlebot3-master/install/turtlebot3_teleop/lib/python2.7/dist-packages:/home/moutik/Downloads/turtlebot3-master/install/turtlebot3_example/lib/python2.7/dist-packages:/opt/ros/melodic/lib/python2.7/dist-packages ROS_PACKAGE_PATH=/home/moutik/Downloads/turtlebot3-master/install/turtlebot3_teleop/share:/home/moutik/Downloads/turtlebot3-master/install/turtlebot3_description/share:/home/moutik/Downloads/turtlebot3-master/install/turtlebot3/share:/home/moutik/Downloads/turtlebot3-master/install/turtlebot3_slam/share:/home/moutik/Downloads/turtlebot3-master/install/turtlebot3_navigation/share:/home/moutik/Downloads/turtlebot3-master/install/turtlebot3_example/share:/home/moutik/Downloads/turtlebot3-master/install/turtlebot3_bringup/share:/opt/ros/melodic/share /usr/bin/cmake --build /home/moutik/Downloads/turtlebot3-master/build/turtlebot3_bringup --target install -- -j2 -l2
[9.292s] [  0%] Built target turtlebot3_msgs_generate_messages_cpp
[9.462s] [  0%] Built target turtlebot3_msgs_generate_messages_nodejs
[9.670s] [  0%] Built target turtlebot3_msgs_generate_messages_lisp
[9.911s] [  0%] Built target turtlebot3_msgs_generate_messages_eus
[10.081s] [  0%] Built target rosgraph_msgs_generate_messages_nodejs
[10.222s] [  0%] Built target rosgraph_msgs_generate_messages_py
[10.412s] [  0%] Built target std_msgs_generate_messages_eus
[10.589s] [  0%] Built target rosgraph_msgs_generate_messages_lisp
[10.755s] [  0%] Built target rosgraph_msgs_generate_messages_eus
[10.906s] [  0%] Built target rosgraph_msgs_generate_messages_cpp
[11.052s] [  0%] Built target roscpp_generate_messages_py
[11.171s] [  0%] Built target std_msgs_generate_messages_py
[11.346s] [  0%] Built target geometry_msgs_generate_messages_eus
[11.486s] [  0%] Built target roscpp_generate_messages_nodejs
[11.636s] [  0%] Built target roscpp_generate_messages_eus
[11.849s] [  0%] Built target roscpp_generate_messages_lisp
[12.069s] [  0%] Built target std_msgs_generate_messages_cpp
[12.273s] [  0%] Built target geometry_msgs_generate_messages_nodejs
[12.454s] [  0%] Built target sensor_msgs_generate_messages_py
[12.586s] [  0%] Built target diagnostic_msgs_generate_messages_cpp
[12.724s] [  0%] Built target diagnostic_msgs_generate_messages_eus
[12.845s] [  0%] Built target std_msgs_generate_messages_lisp
[13.007s] [  0%] Built target sensor_msgs_generate_messages_cpp
[13.116s] [  0%] Built target sensor_msgs_generate_messages_eus
[13.320s] [  0%] Built target std_msgs_generate_messages_nodejs
[13.519s] [  0%] Built target sensor_msgs_generate_messages_lisp
[13.692s] [  0%] Built target turtlebot3_msgs_generate_messages_py
[13.877s] [  0%] Built target roscpp_generate_messages_cpp
[14.083s] [  0%] Built target sensor_msgs_generate_messages_nodejs
[14.243s] [  0%] Built target diagnostic_msgs_generate_messages_py
[14.426s] [  0%] Built target geometry_msgs_generate_messages_cpp
[14.600s] [  0%] Built target geometry_msgs_generate_messages_lisp
[14.806s] [  0%] Built target geometry_msgs_generate_messages_py
[15.054s] [  0%] Built target diagnostic_msgs_generate_messages_lisp
[15.238s] [  0%] Built target diagnostic_msgs_generate_messages_nodejs
[15.451s] [100%] Built target turtlebot3_diagnostics
[15.603s] [36mInstall the project...[0m
[15.678s] -- Install configuration: ""
[15.682s] -- Up-to-date: /home/moutik/Downloads/turtlebot3-master/install/turtlebot3_bringup/lib/pkgconfig/turtlebot3_bringup.pc
[15.682s] -- Up-to-date: /home/moutik/Downloads/turtlebot3-master/install/turtlebot3_bringup/share/turtlebot3_bringup/cmake/turtlebot3_bringupConfig.cmake
[15.682s] -- Up-to-date: /home/moutik/Downloads/turtlebot3-master/install/turtlebot3_bringup/share/turtlebot3_bringup/cmake/turtlebot3_bringupConfig-version.cmake
[15.684s] -- Up-to-date: /home/moutik/Downloads/turtlebot3-master/install/turtlebot3_bringup/share/turtlebot3_bringup/package.xml
[15.702s] -- Up-to-date: /home/moutik/Downloads/turtlebot3-master/install/turtlebot3_bringup/lib/turtlebot3_bringup/turtlebot3_diagnostics
[15.702s] -- Up-to-date: /home/moutik/Downloads/turtlebot3-master/install/turtlebot3_bringup/lib/turtlebot3_bringup/create_udev_rules
[15.705s] -- Up-to-date: /home/moutik/Downloads/turtlebot3-master/install/turtlebot3_bringup/share/turtlebot3_bringup/launch
[15.705s] -- Up-to-date: /home/moutik/Downloads/turtlebot3-master/install/turtlebot3_bringup/share/turtlebot3_bringup/launch/turtlebot3_model.launch
[15.705s] -- Up-to-date: /home/moutik/Downloads/turtlebot3-master/install/turtlebot3_bringup/share/turtlebot3_bringup/launch/turtlebot3_core.launch
[15.712s] -- Up-to-date: /home/moutik/Downloads/turtlebot3-master/install/turtlebot3_bringup/share/turtlebot3_bringup/launch/turtlebot3_robot.launch
[15.712s] -- Up-to-date: /home/moutik/Downloads/turtlebot3-master/install/turtlebot3_bringup/share/turtlebot3_bringup/launch/turtlebot3_rpicamera.launch
[15.713s] -- Up-to-date: /home/moutik/Downloads/turtlebot3-master/install/turtlebot3_bringup/share/turtlebot3_bringup/launch/turtlebot3_remote.launch
[15.713s] -- Up-to-date: /home/moutik/Downloads/turtlebot3-master/install/turtlebot3_bringup/share/turtlebot3_bringup/launch/turtlebot3_lidar.launch
[15.715s] -- Up-to-date: /home/moutik/Downloads/turtlebot3-master/install/turtlebot3_bringup/share/turtlebot3_bringup/launch/turtlebot3_realsense.launch
[15.730s] -- Up-to-date: /home/moutik/Downloads/turtlebot3-master/install/turtlebot3_bringup/share/turtlebot3_bringup/launch/includes
[15.730s] -- Up-to-date: /home/moutik/Downloads/turtlebot3-master/install/turtlebot3_bringup/share/turtlebot3_bringup/launch/includes/description.launch.xml
[15.731s] -- Up-to-date: /home/moutik/Downloads/turtlebot3-master/install/turtlebot3_bringup/share/turtlebot3_bringup/99-turtlebot3-cdc.rules
[15.751s] Invoked command in '/home/moutik/Downloads/turtlebot3-master/build/turtlebot3_bringup' returned '0': CMAKE_PREFIX_PATH=/home/moutik/Downloads/turtlebot3-master/install/turtlebot3_teleop:/home/moutik/Downloads/turtlebot3-master/install/turtlebot3_description:/home/moutik/Downloads/turtlebot3-master/install/turtlebot3_slam:/home/moutik/Downloads/turtlebot3-master/install/turtlebot3_navigation:/home/moutik/Downloads/turtlebot3-master/install/turtlebot3_example:/home/moutik/Downloads/turtlebot3-master/install/turtlebot3_bringup:/opt/ros/melodic PKG_CONFIG_PATH=/home/moutik/Downloads/turtlebot3-master/install/turtlebot3_teleop/lib/x86_64-linux-gnu/pkgconfig:/home/moutik/Downloads/turtlebot3-master/install/turtlebot3_teleop/lib/pkgconfig:/home/moutik/Downloads/turtlebot3-master/install/turtlebot3_description/lib/x86_64-linux-gnu/pkgconfig:/home/moutik/Downloads/turtlebot3-master/install/turtlebot3_description/lib/pkgconfig:/home/moutik/Downloads/turtlebot3-master/install/turtlebot3/lib/x86_64-linux-gnu/pkgconfig:/home/moutik/Downloads/turtlebot3-master/install/turtlebot3/lib/pkgconfig:/home/moutik/Downloads/turtlebot3-master/install/turtlebot3_slam/lib/x86_64-linux-gnu/pkgconfig:/home/moutik/Downloads/turtlebot3-master/install/turtlebot3_slam/lib/pkgconfig:/home/moutik/Downloads/turtlebot3-master/install/turtlebot3_navigation/lib/x86_64-linux-gnu/pkgconfig:/home/moutik/Downloads/turtlebot3-master/install/turtlebot3_navigation/lib/pkgconfig:/home/moutik/Downloads/turtlebot3-master/install/turtlebot3_example/lib/x86_64-linux-gnu/pkgconfig:/home/moutik/Downloads/turtlebot3-master/install/turtlebot3_example/lib/pkgconfig:/home/moutik/Downloads/turtlebot3-master/install/turtlebot3_bringup/lib/x86_64-linux-gnu/pkgconfig:/home/moutik/Downloads/turtlebot3-master/install/turtlebot3_bringup/lib/pkgconfig:/opt/ros/melodic/lib/pkgconfig PYTHONPATH=/home/moutik/Downloads/turtlebot3-master/install/turtlebot3_teleop/lib/python2.7/dist-packages:/home/moutik/Downloads/turtlebot3-master/install/turtlebot3_example/lib/python2.7/dist-packages:/opt/ros/melodic/lib/python2.7/dist-packages ROS_PACKAGE_PATH=/home/moutik/Downloads/turtlebot3-master/install/turtlebot3_teleop/share:/home/moutik/Downloads/turtlebot3-master/install/turtlebot3_description/share:/home/moutik/Downloads/turtlebot3-master/install/turtlebot3/share:/home/moutik/Downloads/turtlebot3-master/install/turtlebot3_slam/share:/home/moutik/Downloads/turtlebot3-master/install/turtlebot3_navigation/share:/home/moutik/Downloads/turtlebot3-master/install/turtlebot3_example/share:/home/moutik/Downloads/turtlebot3-master/install/turtlebot3_bringup/share:/opt/ros/melodic/share /usr/bin/cmake --build /home/moutik/Downloads/turtlebot3-master/build/turtlebot3_bringup --target install -- -j2 -l2
