[0.088s] Invoking command in '/home/moutik/Downloads/turtlebot3-master/build/turtlebot3_example': CMAKE_PREFIX_PATH=/home/moutik/Downloads/turtlebot3-master/install/turtlebot3_bringup:/home/moutik/Downloads/turtlebot3-master/install/turtlebot3_teleop:/home/moutik/Downloads/turtlebot3-master/install/turtlebot3_description:/home/moutik/Downloads/turtlebot3-master/install/turtlebot3_slam:/home/moutik/Downloads/turtlebot3-master/install/turtlebot3_navigation:/home/moutik/Downloads/turtlebot3-master/install/turtlebot3_example:/opt/ros/melodic PKG_CONFIG_PATH=/home/moutik/Downloads/turtlebot3-master/install/turtlebot3_bringup/lib/x86_64-linux-gnu/pkgconfig:/home/moutik/Downloads/turtlebot3-master/install/turtlebot3_bringup/lib/pkgconfig:/home/moutik/Downloads/turtlebot3-master/install/turtlebot3_teleop/lib/x86_64-linux-gnu/pkgconfig:/home/moutik/Downloads/turtlebot3-master/install/turtlebot3_teleop/lib/pkgconfig:/home/moutik/Downloads/turtlebot3-master/install/turtlebot3_description/lib/x86_64-linux-gnu/pkgconfig:/home/moutik/Downloads/turtlebot3-master/install/turtlebot3_description/lib/pkgconfig:/home/moutik/Downloads/turtlebot3-master/install/turtlebot3/lib/x86_64-linux-gnu/pkgconfig:/home/moutik/Downloads/turtlebot3-master/install/turtlebot3/lib/pkgconfig:/home/moutik/Downloads/turtlebot3-master/install/turtlebot3_slam/lib/x86_64-linux-gnu/pkgconfig:/home/moutik/Downloads/turtlebot3-master/install/turtlebot3_slam/lib/pkgconfig:/home/moutik/Downloads/turtlebot3-master/install/turtlebot3_navigation/lib/x86_64-linux-gnu/pkgconfig:/home/moutik/Downloads/turtlebot3-master/install/turtlebot3_navigation/lib/pkgconfig:/home/moutik/Downloads/turtlebot3-master/install/turtlebot3_example/lib/x86_64-linux-gnu/pkgconfig:/home/moutik/Downloads/turtlebot3-master/install/turtlebot3_example/lib/pkgconfig:/opt/ros/melodic/lib/pkgconfig PYTHONPATH=/home/moutik/Downloads/turtlebot3-master/install/turtlebot3_teleop/lib/python2.7/dist-packages:/home/moutik/Downloads/turtlebot3-master/install/turtlebot3_example/lib/python2.7/dist-packages:/opt/ros/melodic/lib/python2.7/dist-packages ROS_PACKAGE_PATH=/home/moutik/Downloads/turtlebot3-master/install/turtlebot3_bringup/share:/home/moutik/Downloads/turtlebot3-master/install/turtlebot3_teleop/share:/home/moutik/Downloads/turtlebot3-master/install/turtlebot3_description/share:/home/moutik/Downloads/turtlebot3-master/install/turtlebot3/share:/home/moutik/Downloads/turtlebot3-master/install/turtlebot3_slam/share:/home/moutik/Downloads/turtlebot3-master/install/turtlebot3_navigation/share:/home/moutik/Downloads/turtlebot3-master/install/turtlebot3_example/share:/opt/ros/melodic/share /usr/bin/cmake --build /home/moutik/Downloads/turtlebot3-master/build/turtlebot3_example -- -j2 -l2
[0.272s] [  0%] Built target _turtlebot3_example_generate_messages_check_deps_Turtlebot3ActionGoal
[0.279s] [  0%] Built target _turtlebot3_example_generate_messages_check_deps_Turtlebot3Feedback
[0.321s] [  0%] Built target geometry_msgs_generate_messages_eus
[0.349s] [  0%] Built target _turtlebot3_example_generate_messages_check_deps_Turtlebot3Action
[0.385s] [  0%] Built target std_msgs_generate_messages_eus
[0.433s] [  0%] Built target actionlib_msgs_generate_messages_eus
[0.444s] [  0%] Built target _turtlebot3_example_generate_messages_check_deps_Turtlebot3ActionFeedback
[0.527s] [  0%] Built target _turtlebot3_example_generate_messages_check_deps_Turtlebot3Result
[0.541s] [  0%] Built target _turtlebot3_example_generate_messages_check_deps_Turtlebot3Goal
[0.608s] [  0%] Built target std_msgs_generate_messages_py
[0.626s] [  0%] Built target _turtlebot3_example_generate_messages_check_deps_Turtlebot3ActionResult
[0.648s] [  0%] Built target actionlib_msgs_generate_messages_py
[0.668s] [  0%] Built target geometry_msgs_generate_messages_py
[0.687s] [  0%] Built target std_msgs_generate_messages_lisp
[0.710s] [  0%] Built target actionlib_msgs_generate_messages_lisp
[0.750s] [  0%] Built target geometry_msgs_generate_messages_lisp
[0.763s] [  0%] Built target std_msgs_generate_messages_nodejs
[0.811s] [  0%] Built target actionlib_msgs_generate_messages_nodejs
[0.829s] [  0%] Built target geometry_msgs_generate_messages_nodejs
[0.889s] [  0%] Built target actionlib_msgs_generate_messages_cpp
[0.893s] [  0%] Built target std_msgs_generate_messages_cpp
[0.932s] [  0%] Built target geometry_msgs_generate_messages_cpp
[0.955s] [ 21%] Built target turtlebot3_example_generate_messages_eus
[0.991s] [ 43%] Built target turtlebot3_example_generate_messages_py
[1.016s] [ 62%] Built target turtlebot3_example_generate_messages_lisp
[1.073s] [ 81%] Built target turtlebot3_example_generate_messages_nodejs
[1.088s] [100%] Built target turtlebot3_example_generate_messages_cpp
[1.129s] [100%] Built target turtlebot3_example_generate_messages
[1.144s] Invoked command in '/home/moutik/Downloads/turtlebot3-master/build/turtlebot3_example' returned '0': CMAKE_PREFIX_PATH=/home/moutik/Downloads/turtlebot3-master/install/turtlebot3_bringup:/home/moutik/Downloads/turtlebot3-master/install/turtlebot3_teleop:/home/moutik/Downloads/turtlebot3-master/install/turtlebot3_description:/home/moutik/Downloads/turtlebot3-master/install/turtlebot3_slam:/home/moutik/Downloads/turtlebot3-master/install/turtlebot3_navigation:/home/moutik/Downloads/turtlebot3-master/install/turtlebot3_example:/opt/ros/melodic PKG_CONFIG_PATH=/home/moutik/Downloads/turtlebot3-master/install/turtlebot3_bringup/lib/x86_64-linux-gnu/pkgconfig:/home/moutik/Downloads/turtlebot3-master/install/turtlebot3_bringup/lib/pkgconfig:/home/moutik/Downloads/turtlebot3-master/install/turtlebot3_teleop/lib/x86_64-linux-gnu/pkgconfig:/home/moutik/Downloads/turtlebot3-master/install/turtlebot3_teleop/lib/pkgconfig:/home/moutik/Downloads/turtlebot3-master/install/turtlebot3_description/lib/x86_64-linux-gnu/pkgconfig:/home/moutik/Downloads/turtlebot3-master/install/turtlebot3_description/lib/pkgconfig:/home/moutik/Downloads/turtlebot3-master/install/turtlebot3/lib/x86_64-linux-gnu/pkgconfig:/home/moutik/Downloads/turtlebot3-master/install/turtlebot3/lib/pkgconfig:/home/moutik/Downloads/turtlebot3-master/install/turtlebot3_slam/lib/x86_64-linux-gnu/pkgconfig:/home/moutik/Downloads/turtlebot3-master/install/turtlebot3_slam/lib/pkgconfig:/home/moutik/Downloads/turtlebot3-master/install/turtlebot3_navigation/lib/x86_64-linux-gnu/pkgconfig:/home/moutik/Downloads/turtlebot3-master/install/turtlebot3_navigation/lib/pkgconfig:/home/moutik/Downloads/turtlebot3-master/install/turtlebot3_example/lib/x86_64-linux-gnu/pkgconfig:/home/moutik/Downloads/turtlebot3-master/install/turtlebot3_example/lib/pkgconfig:/opt/ros/melodic/lib/pkgconfig PYTHONPATH=/home/moutik/Downloads/turtlebot3-master/install/turtlebot3_teleop/lib/python2.7/dist-packages:/home/moutik/Downloads/turtlebot3-master/install/turtlebot3_example/lib/python2.7/dist-packages:/opt/ros/melodic/lib/python2.7/dist-packages ROS_PACKAGE_PATH=/home/moutik/Downloads/turtlebot3-master/install/turtlebot3_bringup/share:/home/moutik/Downloads/turtlebot3-master/install/turtlebot3_teleop/share:/home/moutik/Downloads/turtlebot3-master/install/turtlebot3_description/share:/home/moutik/Downloads/turtlebot3-master/install/turtlebot3/share:/home/moutik/Downloads/turtlebot3-master/install/turtlebot3_slam/share:/home/moutik/Downloads/turtlebot3-master/install/turtlebot3_navigation/share:/home/moutik/Downloads/turtlebot3-master/install/turtlebot3_example/share:/opt/ros/melodic/share /usr/bin/cmake --build /home/moutik/Downloads/turtlebot3-master/build/turtlebot3_example -- -j2 -l2
[1.518s] Invoking command in '/home/moutik/Downloads/turtlebot3-master/build/turtlebot3_example': CMAKE_PREFIX_PATH=/home/moutik/Downloads/turtlebot3-master/install/turtlebot3_bringup:/home/moutik/Downloads/turtlebot3-master/install/turtlebot3_teleop:/home/moutik/Downloads/turtlebot3-master/install/turtlebot3_description:/home/moutik/Downloads/turtlebot3-master/install/turtlebot3_slam:/home/moutik/Downloads/turtlebot3-master/install/turtlebot3_navigation:/home/moutik/Downloads/turtlebot3-master/install/turtlebot3_example:/opt/ros/melodic PKG_CONFIG_PATH=/home/moutik/Downloads/turtlebot3-master/install/turtlebot3_bringup/lib/x86_64-linux-gnu/pkgconfig:/home/moutik/Downloads/turtlebot3-master/install/turtlebot3_bringup/lib/pkgconfig:/home/moutik/Downloads/turtlebot3-master/install/turtlebot3_teleop/lib/x86_64-linux-gnu/pkgconfig:/home/moutik/Downloads/turtlebot3-master/install/turtlebot3_teleop/lib/pkgconfig:/home/moutik/Downloads/turtlebot3-master/install/turtlebot3_description/lib/x86_64-linux-gnu/pkgconfig:/home/moutik/Downloads/turtlebot3-master/install/turtlebot3_description/lib/pkgconfig:/home/moutik/Downloads/turtlebot3-master/install/turtlebot3/lib/x86_64-linux-gnu/pkgconfig:/home/moutik/Downloads/turtlebot3-master/install/turtlebot3/lib/pkgconfig:/home/moutik/Downloads/turtlebot3-master/install/turtlebot3_slam/lib/x86_64-linux-gnu/pkgconfig:/home/moutik/Downloads/turtlebot3-master/install/turtlebot3_slam/lib/pkgconfig:/home/moutik/Downloads/turtlebot3-master/install/turtlebot3_navigation/lib/x86_64-linux-gnu/pkgconfig:/home/moutik/Downloads/turtlebot3-master/install/turtlebot3_navigation/lib/pkgconfig:/home/moutik/Downloads/turtlebot3-master/install/turtlebot3_example/lib/x86_64-linux-gnu/pkgconfig:/home/moutik/Downloads/turtlebot3-master/install/turtlebot3_example/lib/pkgconfig:/opt/ros/melodic/lib/pkgconfig PYTHONPATH=/home/moutik/Downloads/turtlebot3-master/install/turtlebot3_teleop/lib/python2.7/dist-packages:/home/moutik/Downloads/turtlebot3-master/install/turtlebot3_example/lib/python2.7/dist-packages:/opt/ros/melodic/lib/python2.7/dist-packages ROS_PACKAGE_PATH=/home/moutik/Downloads/turtlebot3-master/install/turtlebot3_bringup/share:/home/moutik/Downloads/turtlebot3-master/install/turtlebot3_teleop/share:/home/moutik/Downloads/turtlebot3-master/install/turtlebot3_description/share:/home/moutik/Downloads/turtlebot3-master/install/turtlebot3/share:/home/moutik/Downloads/turtlebot3-master/install/turtlebot3_slam/share:/home/moutik/Downloads/turtlebot3-master/install/turtlebot3_navigation/share:/home/moutik/Downloads/turtlebot3-master/install/turtlebot3_example/share:/opt/ros/melodic/share /usr/bin/cmake --build /home/moutik/Downloads/turtlebot3-master/build/turtlebot3_example --target tests -- -j2 -l2
[1.621s] Built target tests
[1.632s] Invoked command in '/home/moutik/Downloads/turtlebot3-master/build/turtlebot3_example' returned '0': CMAKE_PREFIX_PATH=/home/moutik/Downloads/turtlebot3-master/install/turtlebot3_bringup:/home/moutik/Downloads/turtlebot3-master/install/turtlebot3_teleop:/home/moutik/Downloads/turtlebot3-master/install/turtlebot3_description:/home/moutik/Downloads/turtlebot3-master/install/turtlebot3_slam:/home/moutik/Downloads/turtlebot3-master/install/turtlebot3_navigation:/home/moutik/Downloads/turtlebot3-master/install/turtlebot3_example:/opt/ros/melodic PKG_CONFIG_PATH=/home/moutik/Downloads/turtlebot3-master/install/turtlebot3_bringup/lib/x86_64-linux-gnu/pkgconfig:/home/moutik/Downloads/turtlebot3-master/install/turtlebot3_bringup/lib/pkgconfig:/home/moutik/Downloads/turtlebot3-master/install/turtlebot3_teleop/lib/x86_64-linux-gnu/pkgconfig:/home/moutik/Downloads/turtlebot3-master/install/turtlebot3_teleop/lib/pkgconfig:/home/moutik/Downloads/turtlebot3-master/install/turtlebot3_description/lib/x86_64-linux-gnu/pkgconfig:/home/moutik/Downloads/turtlebot3-master/install/turtlebot3_description/lib/pkgconfig:/home/moutik/Downloads/turtlebot3-master/install/turtlebot3/lib/x86_64-linux-gnu/pkgconfig:/home/moutik/Downloads/turtlebot3-master/install/turtlebot3/lib/pkgconfig:/home/moutik/Downloads/turtlebot3-master/install/turtlebot3_slam/lib/x86_64-linux-gnu/pkgconfig:/home/moutik/Downloads/turtlebot3-master/install/turtlebot3_slam/lib/pkgconfig:/home/moutik/Downloads/turtlebot3-master/install/turtlebot3_navigation/lib/x86_64-linux-gnu/pkgconfig:/home/moutik/Downloads/turtlebot3-master/install/turtlebot3_navigation/lib/pkgconfig:/home/moutik/Downloads/turtlebot3-master/install/turtlebot3_example/lib/x86_64-linux-gnu/pkgconfig:/home/moutik/Downloads/turtlebot3-master/install/turtlebot3_example/lib/pkgconfig:/opt/ros/melodic/lib/pkgconfig PYTHONPATH=/home/moutik/Downloads/turtlebot3-master/install/turtlebot3_teleop/lib/python2.7/dist-packages:/home/moutik/Downloads/turtlebot3-master/install/turtlebot3_example/lib/python2.7/dist-packages:/opt/ros/melodic/lib/python2.7/dist-packages ROS_PACKAGE_PATH=/home/moutik/Downloads/turtlebot3-master/install/turtlebot3_bringup/share:/home/moutik/Downloads/turtlebot3-master/install/turtlebot3_teleop/share:/home/moutik/Downloads/turtlebot3-master/install/turtlebot3_description/share:/home/moutik/Downloads/turtlebot3-master/install/turtlebot3/share:/home/moutik/Downloads/turtlebot3-master/install/turtlebot3_slam/share:/home/moutik/Downloads/turtlebot3-master/install/turtlebot3_navigation/share:/home/moutik/Downloads/turtlebot3-master/install/turtlebot3_example/share:/opt/ros/melodic/share /usr/bin/cmake --build /home/moutik/Downloads/turtlebot3-master/build/turtlebot3_example --target tests -- -j2 -l2
[1.806s] Invoking command in '/home/moutik/Downloads/turtlebot3-master/build/turtlebot3_example': CMAKE_PREFIX_PATH=/home/moutik/Downloads/turtlebot3-master/install/turtlebot3_bringup:/home/moutik/Downloads/turtlebot3-master/install/turtlebot3_teleop:/home/moutik/Downloads/turtlebot3-master/install/turtlebot3_description:/home/moutik/Downloads/turtlebot3-master/install/turtlebot3_slam:/home/moutik/Downloads/turtlebot3-master/install/turtlebot3_navigation:/home/moutik/Downloads/turtlebot3-master/install/turtlebot3_example:/opt/ros/melodic PKG_CONFIG_PATH=/home/moutik/Downloads/turtlebot3-master/install/turtlebot3_bringup/lib/x86_64-linux-gnu/pkgconfig:/home/moutik/Downloads/turtlebot3-master/install/turtlebot3_bringup/lib/pkgconfig:/home/moutik/Downloads/turtlebot3-master/install/turtlebot3_teleop/lib/x86_64-linux-gnu/pkgconfig:/home/moutik/Downloads/turtlebot3-master/install/turtlebot3_teleop/lib/pkgconfig:/home/moutik/Downloads/turtlebot3-master/install/turtlebot3_description/lib/x86_64-linux-gnu/pkgconfig:/home/moutik/Downloads/turtlebot3-master/install/turtlebot3_description/lib/pkgconfig:/home/moutik/Downloads/turtlebot3-master/install/turtlebot3/lib/x86_64-linux-gnu/pkgconfig:/home/moutik/Downloads/turtlebot3-master/install/turtlebot3/lib/pkgconfig:/home/moutik/Downloads/turtlebot3-master/install/turtlebot3_slam/lib/x86_64-linux-gnu/pkgconfig:/home/moutik/Downloads/turtlebot3-master/install/turtlebot3_slam/lib/pkgconfig:/home/moutik/Downloads/turtlebot3-master/install/turtlebot3_navigation/lib/x86_64-linux-gnu/pkgconfig:/home/moutik/Downloads/turtlebot3-master/install/turtlebot3_navigation/lib/pkgconfig:/home/moutik/Downloads/turtlebot3-master/install/turtlebot3_example/lib/x86_64-linux-gnu/pkgconfig:/home/moutik/Downloads/turtlebot3-master/install/turtlebot3_example/lib/pkgconfig:/opt/ros/melodic/lib/pkgconfig PYTHONPATH=/home/moutik/Downloads/turtlebot3-master/install/turtlebot3_teleop/lib/python2.7/dist-packages:/home/moutik/Downloads/turtlebot3-master/install/turtlebot3_example/lib/python2.7/dist-packages:/opt/ros/melodic/lib/python2.7/dist-packages ROS_PACKAGE_PATH=/home/moutik/Downloads/turtlebot3-master/install/turtlebot3_bringup/share:/home/moutik/Downloads/turtlebot3-master/install/turtlebot3_teleop/share:/home/moutik/Downloads/turtlebot3-master/install/turtlebot3_description/share:/home/moutik/Downloads/turtlebot3-master/install/turtlebot3/share:/home/moutik/Downloads/turtlebot3-master/install/turtlebot3_slam/share:/home/moutik/Downloads/turtlebot3-master/install/turtlebot3_navigation/share:/home/moutik/Downloads/turtlebot3-master/install/turtlebot3_example/share:/opt/ros/melodic/share /usr/bin/cmake --build /home/moutik/Downloads/turtlebot3-master/build/turtlebot3_example --target install -- -j2 -l2
[1.925s] [  0%] Built target _turtlebot3_example_generate_messages_check_deps_Turtlebot3ActionGoal
[1.930s] [  0%] Built target _turtlebot3_example_generate_messages_check_deps_Turtlebot3Feedback
[1.984s] [  0%] Built target geometry_msgs_generate_messages_eus
[2.003s] [  0%] Built target _turtlebot3_example_generate_messages_check_deps_Turtlebot3Action
[2.040s] [  0%] Built target std_msgs_generate_messages_eus
[2.063s] [  0%] Built target _turtlebot3_example_generate_messages_check_deps_Turtlebot3ActionFeedback
[2.109s] [  0%] Built target actionlib_msgs_generate_messages_eus
[2.188s] [  0%] Built target _turtlebot3_example_generate_messages_check_deps_Turtlebot3Goal
[2.199s] [  0%] Built target _turtlebot3_example_generate_messages_check_deps_Turtlebot3Result
[2.262s] [  0%] Built target _turtlebot3_example_generate_messages_check_deps_Turtlebot3ActionResult
[2.273s] [  0%] Built target std_msgs_generate_messages_py
[2.319s] [  0%] Built target geometry_msgs_generate_messages_py
[2.319s] [  0%] Built target actionlib_msgs_generate_messages_py
[2.374s] [  0%] Built target std_msgs_generate_messages_lisp
[2.377s] [  0%] Built target actionlib_msgs_generate_messages_lisp
[2.428s] [  0%] Built target std_msgs_generate_messages_nodejs
[2.444s] [  0%] Built target geometry_msgs_generate_messages_lisp
[2.477s] [  0%] Built target actionlib_msgs_generate_messages_nodejs
[2.520s] [  0%] Built target geometry_msgs_generate_messages_nodejs
[2.540s] [  0%] Built target std_msgs_generate_messages_cpp
[2.571s] [  0%] Built target actionlib_msgs_generate_messages_cpp
[2.577s] [  0%] Built target geometry_msgs_generate_messages_cpp
[2.630s] [ 21%] Built target turtlebot3_example_generate_messages_eus
[2.637s] [ 43%] Built target turtlebot3_example_generate_messages_py
[2.694s] [ 62%] Built target turtlebot3_example_generate_messages_lisp
[2.701s] [ 81%] Built target turtlebot3_example_generate_messages_nodejs
[2.737s] [100%] Built target turtlebot3_example_generate_messages_cpp
[2.774s] [100%] Built target turtlebot3_example_generate_messages
[2.803s] [36mInstall the project...[0m
[2.817s] -- Install configuration: ""
[2.821s] + cd /home/moutik/Downloads/turtlebot3-master/turtlebot3_example
[2.821s] + mkdir -p /home/moutik/Downloads/turtlebot3-master/install/turtlebot3_example/lib/python2.7/dist-packages
[2.823s] + /usr/bin/env PYTHONPATH=/home/moutik/Downloads/turtlebot3-master/install/turtlebot3_example/lib/python2.7/dist-packages:/home/moutik/Downloads/turtlebot3-master/build/turtlebot3_example/lib/python2.7/dist-packages:/home/moutik/Downloads/turtlebot3-master/install/turtlebot3_teleop/lib/python2.7/dist-packages:/home/moutik/Downloads/turtlebot3-master/install/turtlebot3_example/lib/python2.7/dist-packages:/opt/ros/melodic/lib/python2.7/dist-packages CATKIN_BINARY_DIR=/home/moutik/Downloads/turtlebot3-master/build/turtlebot3_example /usr/bin/python2 /home/moutik/Downloads/turtlebot3-master/turtlebot3_example/setup.py build --build-base /home/moutik/Downloads/turtlebot3-master/build/turtlebot3_example install --root=/ --install-layout=deb --prefix=/home/moutik/Downloads/turtlebot3-master/install/turtlebot3_example --install-scripts=/home/moutik/Downloads/turtlebot3-master/install/turtlebot3_example/bin
[2.864s] running build
[2.865s] running build_py
[2.868s] running install
[2.868s] running install_lib
[2.870s] running install_egg_info
[2.870s] Removing /home/moutik/Downloads/turtlebot3-master/install/turtlebot3_example/lib/python2.7/dist-packages/turtlebot3_example-1.2.6.egg-info
[2.871s] Writing /home/moutik/Downloads/turtlebot3-master/install/turtlebot3_example/lib/python2.7/dist-packages/turtlebot3_example-1.2.6.egg-info
[2.876s] -- Up-to-date: /home/moutik/Downloads/turtlebot3-master/install/turtlebot3_example/share/turtlebot3_example/action/Turtlebot3.action
[2.877s] -- Up-to-date: /home/moutik/Downloads/turtlebot3-master/install/turtlebot3_example/share/turtlebot3_example/msg/Turtlebot3Action.msg
[2.877s] -- Up-to-date: /home/moutik/Downloads/turtlebot3-master/install/turtlebot3_example/share/turtlebot3_example/msg/Turtlebot3ActionGoal.msg
[2.877s] -- Up-to-date: /home/moutik/Downloads/turtlebot3-master/install/turtlebot3_example/share/turtlebot3_example/msg/Turtlebot3ActionResult.msg
[2.877s] -- Up-to-date: /home/moutik/Downloads/turtlebot3-master/install/turtlebot3_example/share/turtlebot3_example/msg/Turtlebot3ActionFeedback.msg
[2.877s] -- Up-to-date: /home/moutik/Downloads/turtlebot3-master/install/turtlebot3_example/share/turtlebot3_example/msg/Turtlebot3Goal.msg
[2.877s] -- Up-to-date: /home/moutik/Downloads/turtlebot3-master/install/turtlebot3_example/share/turtlebot3_example/msg/Turtlebot3Result.msg
[2.878s] -- Up-to-date: /home/moutik/Downloads/turtlebot3-master/install/turtlebot3_example/share/turtlebot3_example/msg/Turtlebot3Feedback.msg
[2.878s] -- Up-to-date: /home/moutik/Downloads/turtlebot3-master/install/turtlebot3_example/share/turtlebot3_example/cmake/turtlebot3_example-msg-paths.cmake
[2.878s] -- Up-to-date: /home/moutik/Downloads/turtlebot3-master/install/turtlebot3_example/include/turtlebot3_example
[2.878s] -- Up-to-date: /home/moutik/Downloads/turtlebot3-master/install/turtlebot3_example/include/turtlebot3_example/Turtlebot3Feedback.h
[2.878s] -- Up-to-date: /home/moutik/Downloads/turtlebot3-master/install/turtlebot3_example/include/turtlebot3_example/Turtlebot3ActionResult.h
[2.878s] -- Up-to-date: /home/moutik/Downloads/turtlebot3-master/install/turtlebot3_example/include/turtlebot3_example/Turtlebot3Goal.h
[2.878s] -- Up-to-date: /home/moutik/Downloads/turtlebot3-master/install/turtlebot3_example/include/turtlebot3_example/Turtlebot3Result.h
[2.878s] -- Up-to-date: /home/moutik/Downloads/turtlebot3-master/install/turtlebot3_example/include/turtlebot3_example/Turtlebot3ActionGoal.h
[2.878s] -- Up-to-date: /home/moutik/Downloads/turtlebot3-master/install/turtlebot3_example/include/turtlebot3_example/Turtlebot3ActionFeedback.h
[2.879s] -- Up-to-date: /home/moutik/Downloads/turtlebot3-master/install/turtlebot3_example/include/turtlebot3_example/Turtlebot3Action.h
[2.879s] -- Up-to-date: /home/moutik/Downloads/turtlebot3-master/install/turtlebot3_example/share/roseus/ros/turtlebot3_example
[2.879s] -- Up-to-date: /home/moutik/Downloads/turtlebot3-master/install/turtlebot3_example/share/roseus/ros/turtlebot3_example/msg
[2.880s] -- Up-to-date: /home/moutik/Downloads/turtlebot3-master/install/turtlebot3_example/share/roseus/ros/turtlebot3_example/msg/Turtlebot3Feedback.l
[2.880s] -- Up-to-date: /home/moutik/Downloads/turtlebot3-master/install/turtlebot3_example/share/roseus/ros/turtlebot3_example/msg/Turtlebot3Goal.l
[2.880s] -- Up-to-date: /home/moutik/Downloads/turtlebot3-master/install/turtlebot3_example/share/roseus/ros/turtlebot3_example/msg/Turtlebot3ActionGoal.l
[2.880s] -- Up-to-date: /home/moutik/Downloads/turtlebot3-master/install/turtlebot3_example/share/roseus/ros/turtlebot3_example/msg/Turtlebot3ActionResult.l
[2.880s] -- Up-to-date: /home/moutik/Downloads/turtlebot3-master/install/turtlebot3_example/share/roseus/ros/turtlebot3_example/msg/Turtlebot3ActionFeedback.l
[2.880s] -- Up-to-date: /home/moutik/Downloads/turtlebot3-master/install/turtlebot3_example/share/roseus/ros/turtlebot3_example/msg/Turtlebot3Action.l
[2.880s] -- Up-to-date: /home/moutik/Downloads/turtlebot3-master/install/turtlebot3_example/share/roseus/ros/turtlebot3_example/msg/Turtlebot3Result.l
[2.880s] -- Up-to-date: /home/moutik/Downloads/turtlebot3-master/install/turtlebot3_example/share/roseus/ros/turtlebot3_example/manifest.l
[2.880s] -- Up-to-date: /home/moutik/Downloads/turtlebot3-master/install/turtlebot3_example/share/common-lisp/ros/turtlebot3_example
[2.881s] -- Up-to-date: /home/moutik/Downloads/turtlebot3-master/install/turtlebot3_example/share/common-lisp/ros/turtlebot3_example/msg
[2.881s] -- Up-to-date: /home/moutik/Downloads/turtlebot3-master/install/turtlebot3_example/share/common-lisp/ros/turtlebot3_example/msg/Turtlebot3ActionGoal.lisp
[2.881s] -- Up-to-date: /home/moutik/Downloads/turtlebot3-master/install/turtlebot3_example/share/common-lisp/ros/turtlebot3_example/msg/Turtlebot3ActionResult.lisp
[2.881s] -- Up-to-date: /home/moutik/Downloads/turtlebot3-master/install/turtlebot3_example/share/common-lisp/ros/turtlebot3_example/msg/Turtlebot3Goal.lisp
[2.882s] -- Up-to-date: /home/moutik/Downloads/turtlebot3-master/install/turtlebot3_example/share/common-lisp/ros/turtlebot3_example/msg/Turtlebot3Feedback.lisp
[2.882s] -- Up-to-date: /home/moutik/Downloads/turtlebot3-master/install/turtlebot3_example/share/common-lisp/ros/turtlebot3_example/msg/turtlebot3_example-msg.asd
[2.882s] -- Up-to-date: /home/moutik/Downloads/turtlebot3-master/install/turtlebot3_example/share/common-lisp/ros/turtlebot3_example/msg/_package_Turtlebot3ActionResult.lisp
[2.882s] -- Up-to-date: /home/moutik/Downloads/turtlebot3-master/install/turtlebot3_example/share/common-lisp/ros/turtlebot3_example/msg/_package_Turtlebot3ActionGoal.lisp
[2.882s] -- Up-to-date: /home/moutik/Downloads/turtlebot3-master/install/turtlebot3_example/share/common-lisp/ros/turtlebot3_example/msg/Turtlebot3ActionFeedback.lisp
[2.882s] -- Up-to-date: /home/moutik/Downloads/turtlebot3-master/install/turtlebot3_example/share/common-lisp/ros/turtlebot3_example/msg/_package_Turtlebot3Result.lisp
[2.882s] -- Up-to-date: /home/moutik/Downloads/turtlebot3-master/install/turtlebot3_example/share/common-lisp/ros/turtlebot3_example/msg/_package_Turtlebot3Action.lisp
[2.882s] -- Up-to-date: /home/moutik/Downloads/turtlebot3-master/install/turtlebot3_example/share/common-lisp/ros/turtlebot3_example/msg/_package.lisp
[2.882s] -- Up-to-date: /home/moutik/Downloads/turtlebot3-master/install/turtlebot3_example/share/common-lisp/ros/turtlebot3_example/msg/_package_Turtlebot3Feedback.lisp
[2.882s] -- Up-to-date: /home/moutik/Downloads/turtlebot3-master/install/turtlebot3_example/share/common-lisp/ros/turtlebot3_example/msg/Turtlebot3Action.lisp
[2.883s] -- Up-to-date: /home/moutik/Downloads/turtlebot3-master/install/turtlebot3_example/share/common-lisp/ros/turtlebot3_example/msg/_package_Turtlebot3ActionFeedback.lisp
[2.883s] -- Up-to-date: /home/moutik/Downloads/turtlebot3-master/install/turtlebot3_example/share/common-lisp/ros/turtlebot3_example/msg/Turtlebot3Result.lisp
[2.883s] -- Up-to-date: /home/moutik/Downloads/turtlebot3-master/install/turtlebot3_example/share/common-lisp/ros/turtlebot3_example/msg/_package_Turtlebot3Goal.lisp
[2.883s] -- Up-to-date: /home/moutik/Downloads/turtlebot3-master/install/turtlebot3_example/share/gennodejs/ros/turtlebot3_example
[2.885s] -- Up-to-date: /home/moutik/Downloads/turtlebot3-master/install/turtlebot3_example/share/gennodejs/ros/turtlebot3_example/msg
[2.885s] -- Up-to-date: /home/moutik/Downloads/turtlebot3-master/install/turtlebot3_example/share/gennodejs/ros/turtlebot3_example/msg/Turtlebot3Feedback.js
[2.886s] -- Up-to-date: /home/moutik/Downloads/turtlebot3-master/install/turtlebot3_example/share/gennodejs/ros/turtlebot3_example/msg/Turtlebot3Goal.js
[2.888s] -- Up-to-date: /home/moutik/Downloads/turtlebot3-master/install/turtlebot3_example/share/gennodejs/ros/turtlebot3_example/msg/Turtlebot3ActionResult.js
[2.889s] -- Up-to-date: /home/moutik/Downloads/turtlebot3-master/install/turtlebot3_example/share/gennodejs/ros/turtlebot3_example/msg/Turtlebot3Action.js
[2.890s] -- Up-to-date: /home/moutik/Downloads/turtlebot3-master/install/turtlebot3_example/share/gennodejs/ros/turtlebot3_example/msg/_index.js
[2.890s] -- Up-to-date: /home/moutik/Downloads/turtlebot3-master/install/turtlebot3_example/share/gennodejs/ros/turtlebot3_example/msg/Turtlebot3Result.js
[2.891s] -- Up-to-date: /home/moutik/Downloads/turtlebot3-master/install/turtlebot3_example/share/gennodejs/ros/turtlebot3_example/msg/Turtlebot3ActionGoal.js
[2.892s] -- Up-to-date: /home/moutik/Downloads/turtlebot3-master/install/turtlebot3_example/share/gennodejs/ros/turtlebot3_example/msg/Turtlebot3ActionFeedback.js
[2.892s] -- Up-to-date: /home/moutik/Downloads/turtlebot3-master/install/turtlebot3_example/share/gennodejs/ros/turtlebot3_example/_index.js
[2.915s] Listing /home/moutik/Downloads/turtlebot3-master/build/turtlebot3_example/devel/lib/python2.7/dist-packages/turtlebot3_example ...
[2.915s] Listing /home/moutik/Downloads/turtlebot3-master/build/turtlebot3_example/devel/lib/python2.7/dist-packages/turtlebot3_example/msg ...
[2.915s] -- Up-to-date: /home/moutik/Downloads/turtlebot3-master/install/turtlebot3_example/lib/python2.7/dist-packages/turtlebot3_example
[2.915s] -- Up-to-date: /home/moutik/Downloads/turtlebot3-master/install/turtlebot3_example/lib/python2.7/dist-packages/turtlebot3_example/msg
[2.915s] -- Up-to-date: /home/moutik/Downloads/turtlebot3-master/install/turtlebot3_example/lib/python2.7/dist-packages/turtlebot3_example/msg/_Turtlebot3ActionGoal.py
[2.915s] -- Up-to-date: /home/moutik/Downloads/turtlebot3-master/install/turtlebot3_example/lib/python2.7/dist-packages/turtlebot3_example/msg/_Turtlebot3Action.pyc
[2.915s] -- Up-to-date: /home/moutik/Downloads/turtlebot3-master/install/turtlebot3_example/lib/python2.7/dist-packages/turtlebot3_example/msg/_Turtlebot3Action.py
[2.916s] -- Up-to-date: /home/moutik/Downloads/turtlebot3-master/install/turtlebot3_example/lib/python2.7/dist-packages/turtlebot3_example/msg/_Turtlebot3Feedback.pyc
[2.916s] -- Up-to-date: /home/moutik/Downloads/turtlebot3-master/install/turtlebot3_example/lib/python2.7/dist-packages/turtlebot3_example/msg/_Turtlebot3Goal.pyc
[2.916s] -- Up-to-date: /home/moutik/Downloads/turtlebot3-master/install/turtlebot3_example/lib/python2.7/dist-packages/turtlebot3_example/msg/_Turtlebot3ActionResult.pyc
[2.916s] -- Up-to-date: /home/moutik/Downloads/turtlebot3-master/install/turtlebot3_example/lib/python2.7/dist-packages/turtlebot3_example/msg/_Turtlebot3ActionGoal.pyc
[2.916s] -- Up-to-date: /home/moutik/Downloads/turtlebot3-master/install/turtlebot3_example/lib/python2.7/dist-packages/turtlebot3_example/msg/_Turtlebot3ActionResult.py
[2.916s] -- Up-to-date: /home/moutik/Downloads/turtlebot3-master/install/turtlebot3_example/lib/python2.7/dist-packages/turtlebot3_example/msg/_Turtlebot3Result.pyc
[2.916s] -- Up-to-date: /home/moutik/Downloads/turtlebot3-master/install/turtlebot3_example/lib/python2.7/dist-packages/turtlebot3_example/msg/_Turtlebot3ActionFeedback.py
[2.916s] -- Up-to-date: /home/moutik/Downloads/turtlebot3-master/install/turtlebot3_example/lib/python2.7/dist-packages/turtlebot3_example/msg/_Turtlebot3ActionFeedback.pyc
[2.916s] -- Up-to-date: /home/moutik/Downloads/turtlebot3-master/install/turtlebot3_example/lib/python2.7/dist-packages/turtlebot3_example/msg/_Turtlebot3Result.py
[2.916s] -- Up-to-date: /home/moutik/Downloads/turtlebot3-master/install/turtlebot3_example/lib/python2.7/dist-packages/turtlebot3_example/msg/_Turtlebot3Feedback.py
[2.916s] -- Up-to-date: /home/moutik/Downloads/turtlebot3-master/install/turtlebot3_example/lib/python2.7/dist-packages/turtlebot3_example/msg/_Turtlebot3Goal.py
[2.916s] -- Up-to-date: /home/moutik/Downloads/turtlebot3-master/install/turtlebot3_example/lib/python2.7/dist-packages/turtlebot3_example
[2.916s] -- Up-to-date: /home/moutik/Downloads/turtlebot3-master/install/turtlebot3_example/lib/python2.7/dist-packages/turtlebot3_example/msg
[2.917s] -- Up-to-date: /home/moutik/Downloads/turtlebot3-master/install/turtlebot3_example/lib/python2.7/dist-packages/turtlebot3_example/msg/__init__.pyc
[2.917s] -- Up-to-date: /home/moutik/Downloads/turtlebot3-master/install/turtlebot3_example/lib/python2.7/dist-packages/turtlebot3_example/msg/__init__.py
[2.917s] -- Up-to-date: /home/moutik/Downloads/turtlebot3-master/install/turtlebot3_example/lib/pkgconfig/turtlebot3_example.pc
[2.917s] -- Up-to-date: /home/moutik/Downloads/turtlebot3-master/install/turtlebot3_example/share/turtlebot3_example/cmake/turtlebot3_example-msg-extras.cmake
[2.917s] -- Up-to-date: /home/moutik/Downloads/turtlebot3-master/install/turtlebot3_example/share/turtlebot3_example/cmake/turtlebot3_exampleConfig.cmake
[2.917s] -- Up-to-date: /home/moutik/Downloads/turtlebot3-master/install/turtlebot3_example/share/turtlebot3_example/cmake/turtlebot3_exampleConfig-version.cmake
[2.917s] -- Up-to-date: /home/moutik/Downloads/turtlebot3-master/install/turtlebot3_example/share/turtlebot3_example/package.xml
[2.917s] -- Up-to-date: /home/moutik/Downloads/turtlebot3-master/install/turtlebot3_example/lib/turtlebot3_example/turtlebot3_obstacle
[2.918s] -- Up-to-date: /home/moutik/Downloads/turtlebot3-master/install/turtlebot3_example/lib/turtlebot3_example/turtlebot3_client
[2.918s] -- Up-to-date: /home/moutik/Downloads/turtlebot3-master/install/turtlebot3_example/lib/turtlebot3_example/turtlebot3_server
[2.918s] -- Up-to-date: /home/moutik/Downloads/turtlebot3-master/install/turtlebot3_example/lib/turtlebot3_example/turtlebot3_pointop_key
[2.918s] -- Up-to-date: /home/moutik/Downloads/turtlebot3-master/install/turtlebot3_example/lib/turtlebot3_example/turtlebot3_bumper
[2.918s] -- Up-to-date: /home/moutik/Downloads/turtlebot3-master/install/turtlebot3_example/lib/turtlebot3_example/turtlebot3_cliff
[2.918s] -- Up-to-date: /home/moutik/Downloads/turtlebot3-master/install/turtlebot3_example/lib/turtlebot3_example/turtlebot3_sonar
[2.918s] -- Up-to-date: /home/moutik/Downloads/turtlebot3-master/install/turtlebot3_example/lib/turtlebot3_example/turtlebot3_illumination
[2.918s] -- Up-to-date: /home/moutik/Downloads/turtlebot3-master/install/turtlebot3_example/lib/turtlebot3_example/turtlebot3_marker_server
[2.918s] -- Up-to-date: /home/moutik/Downloads/turtlebot3-master/install/turtlebot3_example/share/turtlebot3_example/launch
[2.920s] -- Up-to-date: /home/moutik/Downloads/turtlebot3-master/install/turtlebot3_example/share/turtlebot3_example/launch/turtlebot3_cliff.launch
[2.920s] -- Up-to-date: /home/moutik/Downloads/turtlebot3-master/install/turtlebot3_example/share/turtlebot3_example/launch/turtlebot3_obstacle.launch
[2.920s] -- Up-to-date: /home/moutik/Downloads/turtlebot3-master/install/turtlebot3_example/share/turtlebot3_example/launch/turtlebot3_pointop_key.launch
[2.920s] -- Up-to-date: /home/moutik/Downloads/turtlebot3-master/install/turtlebot3_example/share/turtlebot3_example/launch/turtlebot3_illumination.launch
[2.920s] -- Up-to-date: /home/moutik/Downloads/turtlebot3-master/install/turtlebot3_example/share/turtlebot3_example/launch/interactive_markers.launch
[2.920s] -- Up-to-date: /home/moutik/Downloads/turtlebot3-master/install/turtlebot3_example/share/turtlebot3_example/launch/turtlebot3_sonar.launch
[2.920s] -- Up-to-date: /home/moutik/Downloads/turtlebot3-master/install/turtlebot3_example/share/turtlebot3_example/launch/turtlebot3_bumper.launch
[2.920s] -- Up-to-date: /home/moutik/Downloads/turtlebot3-master/install/turtlebot3_example/share/turtlebot3_example/launch/turtlebot3_client.launch
[2.921s] -- Up-to-date: /home/moutik/Downloads/turtlebot3-master/install/turtlebot3_example/share/turtlebot3_example/rviz
[2.921s] -- Up-to-date: /home/moutik/Downloads/turtlebot3-master/install/turtlebot3_example/share/turtlebot3_example/rviz/turtlebot3_interactive.rviz
[2.932s] Invoked command in '/home/moutik/Downloads/turtlebot3-master/build/turtlebot3_example' returned '0': CMAKE_PREFIX_PATH=/home/moutik/Downloads/turtlebot3-master/install/turtlebot3_bringup:/home/moutik/Downloads/turtlebot3-master/install/turtlebot3_teleop:/home/moutik/Downloads/turtlebot3-master/install/turtlebot3_description:/home/moutik/Downloads/turtlebot3-master/install/turtlebot3_slam:/home/moutik/Downloads/turtlebot3-master/install/turtlebot3_navigation:/home/moutik/Downloads/turtlebot3-master/install/turtlebot3_example:/opt/ros/melodic PKG_CONFIG_PATH=/home/moutik/Downloads/turtlebot3-master/install/turtlebot3_bringup/lib/x86_64-linux-gnu/pkgconfig:/home/moutik/Downloads/turtlebot3-master/install/turtlebot3_bringup/lib/pkgconfig:/home/moutik/Downloads/turtlebot3-master/install/turtlebot3_teleop/lib/x86_64-linux-gnu/pkgconfig:/home/moutik/Downloads/turtlebot3-master/install/turtlebot3_teleop/lib/pkgconfig:/home/moutik/Downloads/turtlebot3-master/install/turtlebot3_description/lib/x86_64-linux-gnu/pkgconfig:/home/moutik/Downloads/turtlebot3-master/install/turtlebot3_description/lib/pkgconfig:/home/moutik/Downloads/turtlebot3-master/install/turtlebot3/lib/x86_64-linux-gnu/pkgconfig:/home/moutik/Downloads/turtlebot3-master/install/turtlebot3/lib/pkgconfig:/home/moutik/Downloads/turtlebot3-master/install/turtlebot3_slam/lib/x86_64-linux-gnu/pkgconfig:/home/moutik/Downloads/turtlebot3-master/install/turtlebot3_slam/lib/pkgconfig:/home/moutik/Downloads/turtlebot3-master/install/turtlebot3_navigation/lib/x86_64-linux-gnu/pkgconfig:/home/moutik/Downloads/turtlebot3-master/install/turtlebot3_navigation/lib/pkgconfig:/home/moutik/Downloads/turtlebot3-master/install/turtlebot3_example/lib/x86_64-linux-gnu/pkgconfig:/home/moutik/Downloads/turtlebot3-master/install/turtlebot3_example/lib/pkgconfig:/opt/ros/melodic/lib/pkgconfig PYTHONPATH=/home/moutik/Downloads/turtlebot3-master/install/turtlebot3_teleop/lib/python2.7/dist-packages:/home/moutik/Downloads/turtlebot3-master/install/turtlebot3_example/lib/python2.7/dist-packages:/opt/ros/melodic/lib/python2.7/dist-packages ROS_PACKAGE_PATH=/home/moutik/Downloads/turtlebot3-master/install/turtlebot3_bringup/share:/home/moutik/Downloads/turtlebot3-master/install/turtlebot3_teleop/share:/home/moutik/Downloads/turtlebot3-master/install/turtlebot3_description/share:/home/moutik/Downloads/turtlebot3-master/install/turtlebot3/share:/home/moutik/Downloads/turtlebot3-master/install/turtlebot3_slam/share:/home/moutik/Downloads/turtlebot3-master/install/turtlebot3_navigation/share:/home/moutik/Downloads/turtlebot3-master/install/turtlebot3_example/share:/opt/ros/melodic/share /usr/bin/cmake --build /home/moutik/Downloads/turtlebot3-master/build/turtlebot3_example --target install -- -j2 -l2
