[0.799s] Invoking command in '/home/moutik/Downloads/turtlebot3-master/build/turtlebot3_slam': CMAKE_PREFIX_PATH=/home/moutik/Downloads/turtlebot3-master/install/turtlebot3_bringup:/home/moutik/Downloads/turtlebot3-master/install/turtlebot3_teleop:/home/moutik/Downloads/turtlebot3-master/install/turtlebot3_description:/home/moutik/Downloads/turtlebot3-master/install/turtlebot3_slam:/home/moutik/Downloads/turtlebot3-master/install/turtlebot3_navigation:/home/moutik/Downloads/turtlebot3-master/install/turtlebot3_example:/opt/ros/melodic PKG_CONFIG_PATH=/home/moutik/Downloads/turtlebot3-master/install/turtlebot3_bringup/lib/x86_64-linux-gnu/pkgconfig:/home/moutik/Downloads/turtlebot3-master/install/turtlebot3_bringup/lib/pkgconfig:/home/moutik/Downloads/turtlebot3-master/install/turtlebot3_teleop/lib/x86_64-linux-gnu/pkgconfig:/home/moutik/Downloads/turtlebot3-master/install/turtlebot3_teleop/lib/pkgconfig:/home/moutik/Downloads/turtlebot3-master/install/turtlebot3_description/lib/x86_64-linux-gnu/pkgconfig:/home/moutik/Downloads/turtlebot3-master/install/turtlebot3_description/lib/pkgconfig:/home/moutik/Downloads/turtlebot3-master/install/turtlebot3/lib/x86_64-linux-gnu/pkgconfig:/home/moutik/Downloads/turtlebot3-master/install/turtlebot3/lib/pkgconfig:/home/moutik/Downloads/turtlebot3-master/install/turtlebot3_slam/lib/x86_64-linux-gnu/pkgconfig:/home/moutik/Downloads/turtlebot3-master/install/turtlebot3_slam/lib/pkgconfig:/home/moutik/Downloads/turtlebot3-master/install/turtlebot3_navigation/lib/x86_64-linux-gnu/pkgconfig:/home/moutik/Downloads/turtlebot3-master/install/turtlebot3_navigation/lib/pkgconfig:/home/moutik/Downloads/turtlebot3-master/install/turtlebot3_example/lib/x86_64-linux-gnu/pkgconfig:/home/moutik/Downloads/turtlebot3-master/install/turtlebot3_example/lib/pkgconfig:/opt/ros/melodic/lib/pkgconfig PYTHONPATH=/home/moutik/Downloads/turtlebot3-master/install/turtlebot3_teleop/lib/python2.7/dist-packages:/home/moutik/Downloads/turtlebot3-master/install/turtlebot3_example/lib/python2.7/dist-packages:/opt/ros/melodic/lib/python2.7/dist-packages ROS_PACKAGE_PATH=/home/moutik/Downloads/turtlebot3-master/install/turtlebot3_bringup/share:/home/moutik/Downloads/turtlebot3-master/install/turtlebot3_teleop/share:/home/moutik/Downloads/turtlebot3-master/install/turtlebot3_description/share:/home/moutik/Downloads/turtlebot3-master/install/turtlebot3/share:/home/moutik/Downloads/turtlebot3-master/install/turtlebot3_slam/share:/home/moutik/Downloads/turtlebot3-master/install/turtlebot3_navigation/share:/home/moutik/Downloads/turtlebot3-master/install/turtlebot3_example/share:/opt/ros/melodic/share /usr/bin/cmake --build /home/moutik/Downloads/turtlebot3-master/build/turtlebot3_slam -- -j2 -l2
[1.767s] [  0%] Built target geometry_msgs_generate_messages_py
[2.030s] [  0%] Built target rosgraph_msgs_generate_messages_nodejs
[2.360s] [  0%] Built target rosgraph_msgs_generate_messages_py
[2.747s] [  0%] Built target std_msgs_generate_messages_eus
[3.068s] [  0%] Built target rosgraph_msgs_generate_messages_lisp
[3.289s] [  0%] Built target rosgraph_msgs_generate_messages_eus
[3.525s] [  0%] Built target rosgraph_msgs_generate_messages_cpp
[3.802s] [  0%] Built target roscpp_generate_messages_py
[4.144s] [  0%] Built target std_msgs_generate_messages_py
[4.471s] [  0%] Built target geometry_msgs_generate_messages_eus
[4.675s] [  0%] Built target roscpp_generate_messages_nodejs
[4.973s] [  0%] Built target roscpp_generate_messages_eus
[5.253s] [  0%] Built target roscpp_generate_messages_lisp
[5.552s] [  0%] Built target std_msgs_generate_messages_cpp
[5.765s] [  0%] Built target geometry_msgs_generate_messages_nodejs
[6.041s] [  0%] Built target sensor_msgs_generate_messages_py
[6.360s] [  0%] Built target std_msgs_generate_messages_lisp
[6.693s] [  0%] Built target sensor_msgs_generate_messages_cpp
[6.936s] [  0%] Built target sensor_msgs_generate_messages_eus
[7.264s] [  0%] Built target std_msgs_generate_messages_nodejs
[7.645s] [  0%] Built target sensor_msgs_generate_messages_lisp
[7.923s] [  0%] Built target roscpp_generate_messages_cpp
[8.099s] [  0%] Built target sensor_msgs_generate_messages_nodejs
[8.339s] [  0%] Built target geometry_msgs_generate_messages_cpp
[8.586s] [  0%] Built target geometry_msgs_generate_messages_lisp
[8.809s] [100%] Built target flat_world_imu_node
[8.952s] Invoked command in '/home/moutik/Downloads/turtlebot3-master/build/turtlebot3_slam' returned '0': CMAKE_PREFIX_PATH=/home/moutik/Downloads/turtlebot3-master/install/turtlebot3_bringup:/home/moutik/Downloads/turtlebot3-master/install/turtlebot3_teleop:/home/moutik/Downloads/turtlebot3-master/install/turtlebot3_description:/home/moutik/Downloads/turtlebot3-master/install/turtlebot3_slam:/home/moutik/Downloads/turtlebot3-master/install/turtlebot3_navigation:/home/moutik/Downloads/turtlebot3-master/install/turtlebot3_example:/opt/ros/melodic PKG_CONFIG_PATH=/home/moutik/Downloads/turtlebot3-master/install/turtlebot3_bringup/lib/x86_64-linux-gnu/pkgconfig:/home/moutik/Downloads/turtlebot3-master/install/turtlebot3_bringup/lib/pkgconfig:/home/moutik/Downloads/turtlebot3-master/install/turtlebot3_teleop/lib/x86_64-linux-gnu/pkgconfig:/home/moutik/Downloads/turtlebot3-master/install/turtlebot3_teleop/lib/pkgconfig:/home/moutik/Downloads/turtlebot3-master/install/turtlebot3_description/lib/x86_64-linux-gnu/pkgconfig:/home/moutik/Downloads/turtlebot3-master/install/turtlebot3_description/lib/pkgconfig:/home/moutik/Downloads/turtlebot3-master/install/turtlebot3/lib/x86_64-linux-gnu/pkgconfig:/home/moutik/Downloads/turtlebot3-master/install/turtlebot3/lib/pkgconfig:/home/moutik/Downloads/turtlebot3-master/install/turtlebot3_slam/lib/x86_64-linux-gnu/pkgconfig:/home/moutik/Downloads/turtlebot3-master/install/turtlebot3_slam/lib/pkgconfig:/home/moutik/Downloads/turtlebot3-master/install/turtlebot3_navigation/lib/x86_64-linux-gnu/pkgconfig:/home/moutik/Downloads/turtlebot3-master/install/turtlebot3_navigation/lib/pkgconfig:/home/moutik/Downloads/turtlebot3-master/install/turtlebot3_example/lib/x86_64-linux-gnu/pkgconfig:/home/moutik/Downloads/turtlebot3-master/install/turtlebot3_example/lib/pkgconfig:/opt/ros/melodic/lib/pkgconfig PYTHONPATH=/home/moutik/Downloads/turtlebot3-master/install/turtlebot3_teleop/lib/python2.7/dist-packages:/home/moutik/Downloads/turtlebot3-master/install/turtlebot3_example/lib/python2.7/dist-packages:/opt/ros/melodic/lib/python2.7/dist-packages ROS_PACKAGE_PATH=/home/moutik/Downloads/turtlebot3-master/install/turtlebot3_bringup/share:/home/moutik/Downloads/turtlebot3-master/install/turtlebot3_teleop/share:/home/moutik/Downloads/turtlebot3-master/install/turtlebot3_description/share:/home/moutik/Downloads/turtlebot3-master/install/turtlebot3/share:/home/moutik/Downloads/turtlebot3-master/install/turtlebot3_slam/share:/home/moutik/Downloads/turtlebot3-master/install/turtlebot3_navigation/share:/home/moutik/Downloads/turtlebot3-master/install/turtlebot3_example/share:/opt/ros/melodic/share /usr/bin/cmake --build /home/moutik/Downloads/turtlebot3-master/build/turtlebot3_slam -- -j2 -l2
[9.913s] Invoking command in '/home/moutik/Downloads/turtlebot3-master/build/turtlebot3_slam': CMAKE_PREFIX_PATH=/home/moutik/Downloads/turtlebot3-master/install/turtlebot3_bringup:/home/moutik/Downloads/turtlebot3-master/install/turtlebot3_teleop:/home/moutik/Downloads/turtlebot3-master/install/turtlebot3_description:/home/moutik/Downloads/turtlebot3-master/install/turtlebot3_slam:/home/moutik/Downloads/turtlebot3-master/install/turtlebot3_navigation:/home/moutik/Downloads/turtlebot3-master/install/turtlebot3_example:/opt/ros/melodic PKG_CONFIG_PATH=/home/moutik/Downloads/turtlebot3-master/install/turtlebot3_bringup/lib/x86_64-linux-gnu/pkgconfig:/home/moutik/Downloads/turtlebot3-master/install/turtlebot3_bringup/lib/pkgconfig:/home/moutik/Downloads/turtlebot3-master/install/turtlebot3_teleop/lib/x86_64-linux-gnu/pkgconfig:/home/moutik/Downloads/turtlebot3-master/install/turtlebot3_teleop/lib/pkgconfig:/home/moutik/Downloads/turtlebot3-master/install/turtlebot3_description/lib/x86_64-linux-gnu/pkgconfig:/home/moutik/Downloads/turtlebot3-master/install/turtlebot3_description/lib/pkgconfig:/home/moutik/Downloads/turtlebot3-master/install/turtlebot3/lib/x86_64-linux-gnu/pkgconfig:/home/moutik/Downloads/turtlebot3-master/install/turtlebot3/lib/pkgconfig:/home/moutik/Downloads/turtlebot3-master/install/turtlebot3_slam/lib/x86_64-linux-gnu/pkgconfig:/home/moutik/Downloads/turtlebot3-master/install/turtlebot3_slam/lib/pkgconfig:/home/moutik/Downloads/turtlebot3-master/install/turtlebot3_navigation/lib/x86_64-linux-gnu/pkgconfig:/home/moutik/Downloads/turtlebot3-master/install/turtlebot3_navigation/lib/pkgconfig:/home/moutik/Downloads/turtlebot3-master/install/turtlebot3_example/lib/x86_64-linux-gnu/pkgconfig:/home/moutik/Downloads/turtlebot3-master/install/turtlebot3_example/lib/pkgconfig:/opt/ros/melodic/lib/pkgconfig PYTHONPATH=/home/moutik/Downloads/turtlebot3-master/install/turtlebot3_teleop/lib/python2.7/dist-packages:/home/moutik/Downloads/turtlebot3-master/install/turtlebot3_example/lib/python2.7/dist-packages:/opt/ros/melodic/lib/python2.7/dist-packages ROS_PACKAGE_PATH=/home/moutik/Downloads/turtlebot3-master/install/turtlebot3_bringup/share:/home/moutik/Downloads/turtlebot3-master/install/turtlebot3_teleop/share:/home/moutik/Downloads/turtlebot3-master/install/turtlebot3_description/share:/home/moutik/Downloads/turtlebot3-master/install/turtlebot3/share:/home/moutik/Downloads/turtlebot3-master/install/turtlebot3_slam/share:/home/moutik/Downloads/turtlebot3-master/install/turtlebot3_navigation/share:/home/moutik/Downloads/turtlebot3-master/install/turtlebot3_example/share:/opt/ros/melodic/share /usr/bin/cmake --build /home/moutik/Downloads/turtlebot3-master/build/turtlebot3_slam --target tests -- -j2 -l2
[10.911s] Built target tests
[11.021s] Invoked command in '/home/moutik/Downloads/turtlebot3-master/build/turtlebot3_slam' returned '0': CMAKE_PREFIX_PATH=/home/moutik/Downloads/turtlebot3-master/install/turtlebot3_bringup:/home/moutik/Downloads/turtlebot3-master/install/turtlebot3_teleop:/home/moutik/Downloads/turtlebot3-master/install/turtlebot3_description:/home/moutik/Downloads/turtlebot3-master/install/turtlebot3_slam:/home/moutik/Downloads/turtlebot3-master/install/turtlebot3_navigation:/home/moutik/Downloads/turtlebot3-master/install/turtlebot3_example:/opt/ros/melodic PKG_CONFIG_PATH=/home/moutik/Downloads/turtlebot3-master/install/turtlebot3_bringup/lib/x86_64-linux-gnu/pkgconfig:/home/moutik/Downloads/turtlebot3-master/install/turtlebot3_bringup/lib/pkgconfig:/home/moutik/Downloads/turtlebot3-master/install/turtlebot3_teleop/lib/x86_64-linux-gnu/pkgconfig:/home/moutik/Downloads/turtlebot3-master/install/turtlebot3_teleop/lib/pkgconfig:/home/moutik/Downloads/turtlebot3-master/install/turtlebot3_description/lib/x86_64-linux-gnu/pkgconfig:/home/moutik/Downloads/turtlebot3-master/install/turtlebot3_description/lib/pkgconfig:/home/moutik/Downloads/turtlebot3-master/install/turtlebot3/lib/x86_64-linux-gnu/pkgconfig:/home/moutik/Downloads/turtlebot3-master/install/turtlebot3/lib/pkgconfig:/home/moutik/Downloads/turtlebot3-master/install/turtlebot3_slam/lib/x86_64-linux-gnu/pkgconfig:/home/moutik/Downloads/turtlebot3-master/install/turtlebot3_slam/lib/pkgconfig:/home/moutik/Downloads/turtlebot3-master/install/turtlebot3_navigation/lib/x86_64-linux-gnu/pkgconfig:/home/moutik/Downloads/turtlebot3-master/install/turtlebot3_navigation/lib/pkgconfig:/home/moutik/Downloads/turtlebot3-master/install/turtlebot3_example/lib/x86_64-linux-gnu/pkgconfig:/home/moutik/Downloads/turtlebot3-master/install/turtlebot3_example/lib/pkgconfig:/opt/ros/melodic/lib/pkgconfig PYTHONPATH=/home/moutik/Downloads/turtlebot3-master/install/turtlebot3_teleop/lib/python2.7/dist-packages:/home/moutik/Downloads/turtlebot3-master/install/turtlebot3_example/lib/python2.7/dist-packages:/opt/ros/melodic/lib/python2.7/dist-packages ROS_PACKAGE_PATH=/home/moutik/Downloads/turtlebot3-master/install/turtlebot3_bringup/share:/home/moutik/Downloads/turtlebot3-master/install/turtlebot3_teleop/share:/home/moutik/Downloads/turtlebot3-master/install/turtlebot3_description/share:/home/moutik/Downloads/turtlebot3-master/install/turtlebot3/share:/home/moutik/Downloads/turtlebot3-master/install/turtlebot3_slam/share:/home/moutik/Downloads/turtlebot3-master/install/turtlebot3_navigation/share:/home/moutik/Downloads/turtlebot3-master/install/turtlebot3_example/share:/opt/ros/melodic/share /usr/bin/cmake --build /home/moutik/Downloads/turtlebot3-master/build/turtlebot3_slam --target tests -- -j2 -l2
[11.951s] Invoking command in '/home/moutik/Downloads/turtlebot3-master/build/turtlebot3_slam': CMAKE_PREFIX_PATH=/home/moutik/Downloads/turtlebot3-master/install/turtlebot3_bringup:/home/moutik/Downloads/turtlebot3-master/install/turtlebot3_teleop:/home/moutik/Downloads/turtlebot3-master/install/turtlebot3_description:/home/moutik/Downloads/turtlebot3-master/install/turtlebot3_slam:/home/moutik/Downloads/turtlebot3-master/install/turtlebot3_navigation:/home/moutik/Downloads/turtlebot3-master/install/turtlebot3_example:/opt/ros/melodic PKG_CONFIG_PATH=/home/moutik/Downloads/turtlebot3-master/install/turtlebot3_bringup/lib/x86_64-linux-gnu/pkgconfig:/home/moutik/Downloads/turtlebot3-master/install/turtlebot3_bringup/lib/pkgconfig:/home/moutik/Downloads/turtlebot3-master/install/turtlebot3_teleop/lib/x86_64-linux-gnu/pkgconfig:/home/moutik/Downloads/turtlebot3-master/install/turtlebot3_teleop/lib/pkgconfig:/home/moutik/Downloads/turtlebot3-master/install/turtlebot3_description/lib/x86_64-linux-gnu/pkgconfig:/home/moutik/Downloads/turtlebot3-master/install/turtlebot3_description/lib/pkgconfig:/home/moutik/Downloads/turtlebot3-master/install/turtlebot3/lib/x86_64-linux-gnu/pkgconfig:/home/moutik/Downloads/turtlebot3-master/install/turtlebot3/lib/pkgconfig:/home/moutik/Downloads/turtlebot3-master/install/turtlebot3_slam/lib/x86_64-linux-gnu/pkgconfig:/home/moutik/Downloads/turtlebot3-master/install/turtlebot3_slam/lib/pkgconfig:/home/moutik/Downloads/turtlebot3-master/install/turtlebot3_navigation/lib/x86_64-linux-gnu/pkgconfig:/home/moutik/Downloads/turtlebot3-master/install/turtlebot3_navigation/lib/pkgconfig:/home/moutik/Downloads/turtlebot3-master/install/turtlebot3_example/lib/x86_64-linux-gnu/pkgconfig:/home/moutik/Downloads/turtlebot3-master/install/turtlebot3_example/lib/pkgconfig:/opt/ros/melodic/lib/pkgconfig PYTHONPATH=/home/moutik/Downloads/turtlebot3-master/install/turtlebot3_teleop/lib/python2.7/dist-packages:/home/moutik/Downloads/turtlebot3-master/install/turtlebot3_example/lib/python2.7/dist-packages:/opt/ros/melodic/lib/python2.7/dist-packages ROS_PACKAGE_PATH=/home/moutik/Downloads/turtlebot3-master/install/turtlebot3_bringup/share:/home/moutik/Downloads/turtlebot3-master/install/turtlebot3_teleop/share:/home/moutik/Downloads/turtlebot3-master/install/turtlebot3_description/share:/home/moutik/Downloads/turtlebot3-master/install/turtlebot3/share:/home/moutik/Downloads/turtlebot3-master/install/turtlebot3_slam/share:/home/moutik/Downloads/turtlebot3-master/install/turtlebot3_navigation/share:/home/moutik/Downloads/turtlebot3-master/install/turtlebot3_example/share:/opt/ros/melodic/share /usr/bin/cmake --build /home/moutik/Downloads/turtlebot3-master/build/turtlebot3_slam --target install -- -j2 -l2
[12.629s] [  0%] Built target geometry_msgs_generate_messages_py
[12.813s] [  0%] Built target rosgraph_msgs_generate_messages_nodejs
[13.153s] [  0%] Built target rosgraph_msgs_generate_messages_py
[13.343s] [  0%] Built target std_msgs_generate_messages_eus
[13.603s] [  0%] Built target rosgraph_msgs_generate_messages_lisp
[13.870s] [  0%] Built target rosgraph_msgs_generate_messages_eus
[14.100s] [  0%] Built target rosgraph_msgs_generate_messages_cpp
[14.304s] [  0%] Built target roscpp_generate_messages_py
[14.394s] [  0%] Built target std_msgs_generate_messages_py
[14.573s] [  0%] Built target geometry_msgs_generate_messages_eus
[14.825s] [  0%] Built target roscpp_generate_messages_nodejs
[15.053s] [  0%] Built target roscpp_generate_messages_eus
[15.295s] [  0%] Built target roscpp_generate_messages_lisp
[15.493s] [  0%] Built target std_msgs_generate_messages_cpp
[15.807s] [  0%] Built target geometry_msgs_generate_messages_nodejs
[16.175s] [  0%] Built target sensor_msgs_generate_messages_py
[16.516s] [  0%] Built target std_msgs_generate_messages_lisp
[16.852s] [  0%] Built target sensor_msgs_generate_messages_cpp
[17.105s] [  0%] Built target sensor_msgs_generate_messages_eus
[17.388s] [  0%] Built target std_msgs_generate_messages_nodejs
[17.666s] [  0%] Built target sensor_msgs_generate_messages_lisp
[18.002s] [  0%] Built target roscpp_generate_messages_cpp
[18.298s] [  0%] Built target sensor_msgs_generate_messages_nodejs
[18.658s] [  0%] Built target geometry_msgs_generate_messages_cpp
[18.980s] [  0%] Built target geometry_msgs_generate_messages_lisp
[19.413s] [100%] Built target flat_world_imu_node
[19.631s] [36mInstall the project...[0m
[19.761s] -- Install configuration: ""
[19.772s] -- Up-to-date: /home/moutik/Downloads/turtlebot3-master/install/turtlebot3_slam/lib/pkgconfig/turtlebot3_slam.pc
[19.774s] -- Up-to-date: /home/moutik/Downloads/turtlebot3-master/install/turtlebot3_slam/share/turtlebot3_slam/cmake/turtlebot3_slamConfig.cmake
[19.780s] -- Up-to-date: /home/moutik/Downloads/turtlebot3-master/install/turtlebot3_slam/share/turtlebot3_slam/cmake/turtlebot3_slamConfig-version.cmake
[19.783s] -- Up-to-date: /home/moutik/Downloads/turtlebot3-master/install/turtlebot3_slam/share/turtlebot3_slam/package.xml
[19.805s] -- Up-to-date: /home/moutik/Downloads/turtlebot3-master/install/turtlebot3_slam/lib/turtlebot3_slam/flat_world_imu_node
[19.813s] -- Up-to-date: /home/moutik/Downloads/turtlebot3-master/install/turtlebot3_slam/include/turtlebot3_slam
[19.827s] -- Up-to-date: /home/moutik/Downloads/turtlebot3-master/install/turtlebot3_slam/include/turtlebot3_slam/flat_world_imu_node.h
[19.839s] -- Up-to-date: /home/moutik/Downloads/turtlebot3-master/install/turtlebot3_slam/share/turtlebot3_slam/bag
[19.848s] -- Up-to-date: /home/moutik/Downloads/turtlebot3-master/install/turtlebot3_slam/share/turtlebot3_slam/bag/bag_files.md
[19.848s] -- Up-to-date: /home/moutik/Downloads/turtlebot3-master/install/turtlebot3_slam/share/turtlebot3_slam/config
[19.857s] -- Up-to-date: /home/moutik/Downloads/turtlebot3-master/install/turtlebot3_slam/share/turtlebot3_slam/config/karto_mapper_params.yaml
[19.864s] -- Up-to-date: /home/moutik/Downloads/turtlebot3-master/install/turtlebot3_slam/share/turtlebot3_slam/config/frontier_exploration.yaml
[19.872s] -- Up-to-date: /home/moutik/Downloads/turtlebot3-master/install/turtlebot3_slam/share/turtlebot3_slam/config/turtlebot3_lds_2d.lua
[19.873s] -- Up-to-date: /home/moutik/Downloads/turtlebot3-master/install/turtlebot3_slam/share/turtlebot3_slam/config/turtlebot3_lds_2d_gazebo.lua
[19.873s] -- Up-to-date: /home/moutik/Downloads/turtlebot3-master/install/turtlebot3_slam/share/turtlebot3_slam/config/gmapping_params.yaml
[19.873s] -- Up-to-date: /home/moutik/Downloads/turtlebot3-master/install/turtlebot3_slam/share/turtlebot3_slam/launch
[19.880s] -- Up-to-date: /home/moutik/Downloads/turtlebot3-master/install/turtlebot3_slam/share/turtlebot3_slam/launch/turtlebot3_hector.launch
[19.880s] -- Up-to-date: /home/moutik/Downloads/turtlebot3-master/install/turtlebot3_slam/share/turtlebot3_slam/launch/turtlebot3_cartographer.launch
[19.880s] -- Up-to-date: /home/moutik/Downloads/turtlebot3-master/install/turtlebot3_slam/share/turtlebot3_slam/launch/turtlebot3_karto.launch
[19.880s] -- Up-to-date: /home/moutik/Downloads/turtlebot3-master/install/turtlebot3_slam/share/turtlebot3_slam/launch/turtlebot3_slam.launch
[19.880s] -- Up-to-date: /home/moutik/Downloads/turtlebot3-master/install/turtlebot3_slam/share/turtlebot3_slam/launch/turtlebot3_frontier_exploration.launch
[19.880s] -- Up-to-date: /home/moutik/Downloads/turtlebot3-master/install/turtlebot3_slam/share/turtlebot3_slam/launch/turtlebot3_gmapping.launch
[19.885s] -- Up-to-date: /home/moutik/Downloads/turtlebot3-master/install/turtlebot3_slam/share/turtlebot3_slam/launch/turtlebot3_manipulation_slam.launch
[19.885s] -- Up-to-date: /home/moutik/Downloads/turtlebot3-master/install/turtlebot3_slam/share/turtlebot3_slam/rviz
[19.889s] -- Up-to-date: /home/moutik/Downloads/turtlebot3-master/install/turtlebot3_slam/share/turtlebot3_slam/rviz/turtlebot3_frontier_exploration.rviz
[19.897s] -- Up-to-date: /home/moutik/Downloads/turtlebot3-master/install/turtlebot3_slam/share/turtlebot3_slam/rviz/turtlebot3_gmapping.rviz
[19.897s] -- Up-to-date: /home/moutik/Downloads/turtlebot3-master/install/turtlebot3_slam/share/turtlebot3_slam/rviz/turtlebot3_cartographer.rviz
[19.897s] -- Up-to-date: /home/moutik/Downloads/turtlebot3-master/install/turtlebot3_slam/share/turtlebot3_slam/rviz/turtlebot3_karto.rviz
[19.897s] -- Up-to-date: /home/moutik/Downloads/turtlebot3-master/install/turtlebot3_slam/share/turtlebot3_slam/rviz/turtlebot3_hector.rviz
[19.933s] Invoked command in '/home/moutik/Downloads/turtlebot3-master/build/turtlebot3_slam' returned '0': CMAKE_PREFIX_PATH=/home/moutik/Downloads/turtlebot3-master/install/turtlebot3_bringup:/home/moutik/Downloads/turtlebot3-master/install/turtlebot3_teleop:/home/moutik/Downloads/turtlebot3-master/install/turtlebot3_description:/home/moutik/Downloads/turtlebot3-master/install/turtlebot3_slam:/home/moutik/Downloads/turtlebot3-master/install/turtlebot3_navigation:/home/moutik/Downloads/turtlebot3-master/install/turtlebot3_example:/opt/ros/melodic PKG_CONFIG_PATH=/home/moutik/Downloads/turtlebot3-master/install/turtlebot3_bringup/lib/x86_64-linux-gnu/pkgconfig:/home/moutik/Downloads/turtlebot3-master/install/turtlebot3_bringup/lib/pkgconfig:/home/moutik/Downloads/turtlebot3-master/install/turtlebot3_teleop/lib/x86_64-linux-gnu/pkgconfig:/home/moutik/Downloads/turtlebot3-master/install/turtlebot3_teleop/lib/pkgconfig:/home/moutik/Downloads/turtlebot3-master/install/turtlebot3_description/lib/x86_64-linux-gnu/pkgconfig:/home/moutik/Downloads/turtlebot3-master/install/turtlebot3_description/lib/pkgconfig:/home/moutik/Downloads/turtlebot3-master/install/turtlebot3/lib/x86_64-linux-gnu/pkgconfig:/home/moutik/Downloads/turtlebot3-master/install/turtlebot3/lib/pkgconfig:/home/moutik/Downloads/turtlebot3-master/install/turtlebot3_slam/lib/x86_64-linux-gnu/pkgconfig:/home/moutik/Downloads/turtlebot3-master/install/turtlebot3_slam/lib/pkgconfig:/home/moutik/Downloads/turtlebot3-master/install/turtlebot3_navigation/lib/x86_64-linux-gnu/pkgconfig:/home/moutik/Downloads/turtlebot3-master/install/turtlebot3_navigation/lib/pkgconfig:/home/moutik/Downloads/turtlebot3-master/install/turtlebot3_example/lib/x86_64-linux-gnu/pkgconfig:/home/moutik/Downloads/turtlebot3-master/install/turtlebot3_example/lib/pkgconfig:/opt/ros/melodic/lib/pkgconfig PYTHONPATH=/home/moutik/Downloads/turtlebot3-master/install/turtlebot3_teleop/lib/python2.7/dist-packages:/home/moutik/Downloads/turtlebot3-master/install/turtlebot3_example/lib/python2.7/dist-packages:/opt/ros/melodic/lib/python2.7/dist-packages ROS_PACKAGE_PATH=/home/moutik/Downloads/turtlebot3-master/install/turtlebot3_bringup/share:/home/moutik/Downloads/turtlebot3-master/install/turtlebot3_teleop/share:/home/moutik/Downloads/turtlebot3-master/install/turtlebot3_description/share:/home/moutik/Downloads/turtlebot3-master/install/turtlebot3/share:/home/moutik/Downloads/turtlebot3-master/install/turtlebot3_slam/share:/home/moutik/Downloads/turtlebot3-master/install/turtlebot3_navigation/share:/home/moutik/Downloads/turtlebot3-master/install/turtlebot3_example/share:/opt/ros/melodic/share /usr/bin/cmake --build /home/moutik/Downloads/turtlebot3-master/build/turtlebot3_slam --target install -- -j2 -l2
