[0.288s] Invoking command in '/home/moutik/Downloads/turtlebot3-master/build/turtlebot3_bringup': CMAKE_PREFIX_PATH=/home/moutik/Downloads/turtlebot3-master/install/turtlebot3_teleop:/home/moutik/Downloads/turtlebot3-master/install/turtlebot3_description:/home/moutik/Downloads/turtlebot3-master/install/turtlebot3_slam:/home/moutik/Downloads/turtlebot3-master/install/turtlebot3_navigation:/home/moutik/Downloads/turtlebot3-master/install/turtlebot3_example:/home/moutik/Downloads/turtlebot3-master/install/turtlebot3_bringup:/opt/ros/melodic PKG_CONFIG_PATH=/home/moutik/Downloads/turtlebot3-master/install/turtlebot3_teleop/lib/x86_64-linux-gnu/pkgconfig:/home/moutik/Downloads/turtlebot3-master/install/turtlebot3_teleop/lib/pkgconfig:/home/moutik/Downloads/turtlebot3-master/install/turtlebot3_description/lib/x86_64-linux-gnu/pkgconfig:/home/moutik/Downloads/turtlebot3-master/install/turtlebot3_description/lib/pkgconfig:/home/moutik/Downloads/turtlebot3-master/install/turtlebot3/lib/x86_64-linux-gnu/pkgconfig:/home/moutik/Downloads/turtlebot3-master/install/turtlebot3/lib/pkgconfig:/home/moutik/Downloads/turtlebot3-master/install/turtlebot3_slam/lib/x86_64-linux-gnu/pkgconfig:/home/moutik/Downloads/turtlebot3-master/install/turtlebot3_slam/lib/pkgconfig:/home/moutik/Downloads/turtlebot3-master/install/turtlebot3_navigation/lib/x86_64-linux-gnu/pkgconfig:/home/moutik/Downloads/turtlebot3-master/install/turtlebot3_navigation/lib/pkgconfig:/home/moutik/Downloads/turtlebot3-master/install/turtlebot3_example/lib/x86_64-linux-gnu/pkgconfig:/home/moutik/Downloads/turtlebot3-master/install/turtlebot3_example/lib/pkgconfig:/home/moutik/Downloads/turtlebot3-master/install/turtlebot3_bringup/lib/x86_64-linux-gnu/pkgconfig:/home/moutik/Downloads/turtlebot3-master/install/turtlebot3_bringup/lib/pkgconfig:/opt/ros/melodic/lib/pkgconfig PYTHONPATH=/home/moutik/Downloads/turtlebot3-master/install/turtlebot3_teleop/lib/python2.7/dist-packages:/home/moutik/Downloads/turtlebot3-master/install/turtlebot3_example/lib/python2.7/dist-packages:/opt/ros/melodic/lib/python2.7/dist-packages ROS_PACKAGE_PATH=/home/moutik/Downloads/turtlebot3-master/install/turtlebot3_teleop/share:/home/moutik/Downloads/turtlebot3-master/install/turtlebot3_description/share:/home/moutik/Downloads/turtlebot3-master/install/turtlebot3/share:/home/moutik/Downloads/turtlebot3-master/install/turtlebot3_slam/share:/home/moutik/Downloads/turtlebot3-master/install/turtlebot3_navigation/share:/home/moutik/Downloads/turtlebot3-master/install/turtlebot3_example/share:/home/moutik/Downloads/turtlebot3-master/install/turtlebot3_bringup/share:/opt/ros/melodic/share /usr/bin/cmake --build /home/moutik/Downloads/turtlebot3-master/build/turtlebot3_bringup -- -j2 -l2
[0.806s] [  0%] Built target turtlebot3_msgs_generate_messages_cpp
[0.987s] [  0%] Built target turtlebot3_msgs_generate_messages_nodejs
[1.192s] [  0%] Built target turtlebot3_msgs_generate_messages_lisp
[1.298s] [  0%] Built target turtlebot3_msgs_generate_messages_eus
[1.422s] [  0%] Built target rosgraph_msgs_generate_messages_nodejs
[1.657s] [  0%] Built target rosgraph_msgs_generate_messages_py
[1.786s] [  0%] Built target std_msgs_generate_messages_eus
[1.931s] [  0%] Built target rosgraph_msgs_generate_messages_lisp
[2.071s] [  0%] Built target rosgraph_msgs_generate_messages_eus
[2.223s] [  0%] Built target rosgraph_msgs_generate_messages_cpp
[2.352s] [  0%] Built target roscpp_generate_messages_py
[2.475s] [  0%] Built target std_msgs_generate_messages_py
[2.698s] [  0%] Built target geometry_msgs_generate_messages_eus
[2.891s] [  0%] Built target roscpp_generate_messages_nodejs
[3.098s] [  0%] Built target roscpp_generate_messages_eus
[3.271s] [  0%] Built target roscpp_generate_messages_lisp
[3.407s] [  0%] Built target std_msgs_generate_messages_cpp
[3.603s] [  0%] Built target geometry_msgs_generate_messages_nodejs
[3.766s] [  0%] Built target sensor_msgs_generate_messages_py
[3.932s] [  0%] Built target diagnostic_msgs_generate_messages_cpp
[4.082s] [  0%] Built target diagnostic_msgs_generate_messages_eus
[4.295s] [  0%] Built target std_msgs_generate_messages_lisp
[4.442s] [  0%] Built target sensor_msgs_generate_messages_cpp
[4.602s] [  0%] Built target sensor_msgs_generate_messages_eus
[4.745s] [  0%] Built target std_msgs_generate_messages_nodejs
[4.920s] [  0%] Built target sensor_msgs_generate_messages_lisp
[5.024s] [  0%] Built target turtlebot3_msgs_generate_messages_py
[5.140s] [  0%] Built target roscpp_generate_messages_cpp
[5.257s] [  0%] Built target sensor_msgs_generate_messages_nodejs
[5.370s] [  0%] Built target diagnostic_msgs_generate_messages_py
[5.502s] [  0%] Built target geometry_msgs_generate_messages_cpp
[5.674s] [  0%] Built target geometry_msgs_generate_messages_lisp
[5.892s] [  0%] Built target geometry_msgs_generate_messages_py
[6.032s] [  0%] Built target diagnostic_msgs_generate_messages_lisp
[6.153s] [  0%] Built target diagnostic_msgs_generate_messages_nodejs
[6.420s] [100%] Built target turtlebot3_diagnostics
[6.491s] Invoked command in '/home/moutik/Downloads/turtlebot3-master/build/turtlebot3_bringup' returned '0': CMAKE_PREFIX_PATH=/home/moutik/Downloads/turtlebot3-master/install/turtlebot3_teleop:/home/moutik/Downloads/turtlebot3-master/install/turtlebot3_description:/home/moutik/Downloads/turtlebot3-master/install/turtlebot3_slam:/home/moutik/Downloads/turtlebot3-master/install/turtlebot3_navigation:/home/moutik/Downloads/turtlebot3-master/install/turtlebot3_example:/home/moutik/Downloads/turtlebot3-master/install/turtlebot3_bringup:/opt/ros/melodic PKG_CONFIG_PATH=/home/moutik/Downloads/turtlebot3-master/install/turtlebot3_teleop/lib/x86_64-linux-gnu/pkgconfig:/home/moutik/Downloads/turtlebot3-master/install/turtlebot3_teleop/lib/pkgconfig:/home/moutik/Downloads/turtlebot3-master/install/turtlebot3_description/lib/x86_64-linux-gnu/pkgconfig:/home/moutik/Downloads/turtlebot3-master/install/turtlebot3_description/lib/pkgconfig:/home/moutik/Downloads/turtlebot3-master/install/turtlebot3/lib/x86_64-linux-gnu/pkgconfig:/home/moutik/Downloads/turtlebot3-master/install/turtlebot3/lib/pkgconfig:/home/moutik/Downloads/turtlebot3-master/install/turtlebot3_slam/lib/x86_64-linux-gnu/pkgconfig:/home/moutik/Downloads/turtlebot3-master/install/turtlebot3_slam/lib/pkgconfig:/home/moutik/Downloads/turtlebot3-master/install/turtlebot3_navigation/lib/x86_64-linux-gnu/pkgconfig:/home/moutik/Downloads/turtlebot3-master/install/turtlebot3_navigation/lib/pkgconfig:/home/moutik/Downloads/turtlebot3-master/install/turtlebot3_example/lib/x86_64-linux-gnu/pkgconfig:/home/moutik/Downloads/turtlebot3-master/install/turtlebot3_example/lib/pkgconfig:/home/moutik/Downloads/turtlebot3-master/install/turtlebot3_bringup/lib/x86_64-linux-gnu/pkgconfig:/home/moutik/Downloads/turtlebot3-master/install/turtlebot3_bringup/lib/pkgconfig:/opt/ros/melodic/lib/pkgconfig PYTHONPATH=/home/moutik/Downloads/turtlebot3-master/install/turtlebot3_teleop/lib/python2.7/dist-packages:/home/moutik/Downloads/turtlebot3-master/install/turtlebot3_example/lib/python2.7/dist-packages:/opt/ros/melodic/lib/python2.7/dist-packages ROS_PACKAGE_PATH=/home/moutik/Downloads/turtlebot3-master/install/turtlebot3_teleop/share:/home/moutik/Downloads/turtlebot3-master/install/turtlebot3_description/share:/home/moutik/Downloads/turtlebot3-master/install/turtlebot3/share:/home/moutik/Downloads/turtlebot3-master/install/turtlebot3_slam/share:/home/moutik/Downloads/turtlebot3-master/install/turtlebot3_navigation/share:/home/moutik/Downloads/turtlebot3-master/install/turtlebot3_example/share:/home/moutik/Downloads/turtlebot3-master/install/turtlebot3_bringup/share:/opt/ros/melodic/share /usr/bin/cmake --build /home/moutik/Downloads/turtlebot3-master/build/turtlebot3_bringup -- -j2 -l2
[6.985s] Invoking command in '/home/moutik/Downloads/turtlebot3-master/build/turtlebot3_bringup': CMAKE_PREFIX_PATH=/home/moutik/Downloads/turtlebot3-master/install/turtlebot3_teleop:/home/moutik/Downloads/turtlebot3-master/install/turtlebot3_description:/home/moutik/Downloads/turtlebot3-master/install/turtlebot3_slam:/home/moutik/Downloads/turtlebot3-master/install/turtlebot3_navigation:/home/moutik/Downloads/turtlebot3-master/install/turtlebot3_example:/home/moutik/Downloads/turtlebot3-master/install/turtlebot3_bringup:/opt/ros/melodic PKG_CONFIG_PATH=/home/moutik/Downloads/turtlebot3-master/install/turtlebot3_teleop/lib/x86_64-linux-gnu/pkgconfig:/home/moutik/Downloads/turtlebot3-master/install/turtlebot3_teleop/lib/pkgconfig:/home/moutik/Downloads/turtlebot3-master/install/turtlebot3_description/lib/x86_64-linux-gnu/pkgconfig:/home/moutik/Downloads/turtlebot3-master/install/turtlebot3_description/lib/pkgconfig:/home/moutik/Downloads/turtlebot3-master/install/turtlebot3/lib/x86_64-linux-gnu/pkgconfig:/home/moutik/Downloads/turtlebot3-master/install/turtlebot3/lib/pkgconfig:/home/moutik/Downloads/turtlebot3-master/install/turtlebot3_slam/lib/x86_64-linux-gnu/pkgconfig:/home/moutik/Downloads/turtlebot3-master/install/turtlebot3_slam/lib/pkgconfig:/home/moutik/Downloads/turtlebot3-master/install/turtlebot3_navigation/lib/x86_64-linux-gnu/pkgconfig:/home/moutik/Downloads/turtlebot3-master/install/turtlebot3_navigation/lib/pkgconfig:/home/moutik/Downloads/turtlebot3-master/install/turtlebot3_example/lib/x86_64-linux-gnu/pkgconfig:/home/moutik/Downloads/turtlebot3-master/install/turtlebot3_example/lib/pkgconfig:/home/moutik/Downloads/turtlebot3-master/install/turtlebot3_bringup/lib/x86_64-linux-gnu/pkgconfig:/home/moutik/Downloads/turtlebot3-master/install/turtlebot3_bringup/lib/pkgconfig:/opt/ros/melodic/lib/pkgconfig PYTHONPATH=/home/moutik/Downloads/turtlebot3-master/install/turtlebot3_teleop/lib/python2.7/dist-packages:/home/moutik/Downloads/turtlebot3-master/install/turtlebot3_example/lib/python2.7/dist-packages:/opt/ros/melodic/lib/python2.7/dist-packages ROS_PACKAGE_PATH=/home/moutik/Downloads/turtlebot3-master/install/turtlebot3_teleop/share:/home/moutik/Downloads/turtlebot3-master/install/turtlebot3_description/share:/home/moutik/Downloads/turtlebot3-master/install/turtlebot3/share:/home/moutik/Downloads/turtlebot3-master/install/turtlebot3_slam/share:/home/moutik/Downloads/turtlebot3-master/install/turtlebot3_navigation/share:/home/moutik/Downloads/turtlebot3-master/install/turtlebot3_example/share:/home/moutik/Downloads/turtlebot3-master/install/turtlebot3_bringup/share:/opt/ros/melodic/share /usr/bin/cmake --build /home/moutik/Downloads/turtlebot3-master/build/turtlebot3_bringup --target tests -- -j2 -l2
[7.598s] Built target tests
[7.669s] Invoked command in '/home/moutik/Downloads/turtlebot3-master/build/turtlebot3_bringup' returned '0': CMAKE_PREFIX_PATH=/home/moutik/Downloads/turtlebot3-master/install/turtlebot3_teleop:/home/moutik/Downloads/turtlebot3-master/install/turtlebot3_description:/home/moutik/Downloads/turtlebot3-master/install/turtlebot3_slam:/home/moutik/Downloads/turtlebot3-master/install/turtlebot3_navigation:/home/moutik/Downloads/turtlebot3-master/install/turtlebot3_example:/home/moutik/Downloads/turtlebot3-master/install/turtlebot3_bringup:/opt/ros/melodic PKG_CONFIG_PATH=/home/moutik/Downloads/turtlebot3-master/install/turtlebot3_teleop/lib/x86_64-linux-gnu/pkgconfig:/home/moutik/Downloads/turtlebot3-master/install/turtlebot3_teleop/lib/pkgconfig:/home/moutik/Downloads/turtlebot3-master/install/turtlebot3_description/lib/x86_64-linux-gnu/pkgconfig:/home/moutik/Downloads/turtlebot3-master/install/turtlebot3_description/lib/pkgconfig:/home/moutik/Downloads/turtlebot3-master/install/turtlebot3/lib/x86_64-linux-gnu/pkgconfig:/home/moutik/Downloads/turtlebot3-master/install/turtlebot3/lib/pkgconfig:/home/moutik/Downloads/turtlebot3-master/install/turtlebot3_slam/lib/x86_64-linux-gnu/pkgconfig:/home/moutik/Downloads/turtlebot3-master/install/turtlebot3_slam/lib/pkgconfig:/home/moutik/Downloads/turtlebot3-master/install/turtlebot3_navigation/lib/x86_64-linux-gnu/pkgconfig:/home/moutik/Downloads/turtlebot3-master/install/turtlebot3_navigation/lib/pkgconfig:/home/moutik/Downloads/turtlebot3-master/install/turtlebot3_example/lib/x86_64-linux-gnu/pkgconfig:/home/moutik/Downloads/turtlebot3-master/install/turtlebot3_example/lib/pkgconfig:/home/moutik/Downloads/turtlebot3-master/install/turtlebot3_bringup/lib/x86_64-linux-gnu/pkgconfig:/home/moutik/Downloads/turtlebot3-master/install/turtlebot3_bringup/lib/pkgconfig:/opt/ros/melodic/lib/pkgconfig PYTHONPATH=/home/moutik/Downloads/turtlebot3-master/install/turtlebot3_teleop/lib/python2.7/dist-packages:/home/moutik/Downloads/turtlebot3-master/install/turtlebot3_example/lib/python2.7/dist-packages:/opt/ros/melodic/lib/python2.7/dist-packages ROS_PACKAGE_PATH=/home/moutik/Downloads/turtlebot3-master/install/turtlebot3_teleop/share:/home/moutik/Downloads/turtlebot3-master/install/turtlebot3_description/share:/home/moutik/Downloads/turtlebot3-master/install/turtlebot3/share:/home/moutik/Downloads/turtlebot3-master/install/turtlebot3_slam/share:/home/moutik/Downloads/turtlebot3-master/install/turtlebot3_navigation/share:/home/moutik/Downloads/turtlebot3-master/install/turtlebot3_example/share:/home/moutik/Downloads/turtlebot3-master/install/turtlebot3_bringup/share:/opt/ros/melodic/share /usr/bin/cmake --build /home/moutik/Downloads/turtlebot3-master/build/turtlebot3_bringup --target tests -- -j2 -l2
[8.164s] Invoking command in '/home/moutik/Downloads/turtlebot3-master/build/turtlebot3_bringup': CMAKE_PREFIX_PATH=/home/moutik/Downloads/turtlebot3-master/install/turtlebot3_teleop:/home/moutik/Downloads/turtlebot3-master/install/turtlebot3_description:/home/moutik/Downloads/turtlebot3-master/install/turtlebot3_slam:/home/moutik/Downloads/turtlebot3-master/install/turtlebot3_navigation:/home/moutik/Downloads/turtlebot3-master/install/turtlebot3_example:/home/moutik/Downloads/turtlebot3-master/install/turtlebot3_bringup:/opt/ros/melodic PKG_CONFIG_PATH=/home/moutik/Downloads/turtlebot3-master/install/turtlebot3_teleop/lib/x86_64-linux-gnu/pkgconfig:/home/moutik/Downloads/turtlebot3-master/install/turtlebot3_teleop/lib/pkgconfig:/home/moutik/Downloads/turtlebot3-master/install/turtlebot3_description/lib/x86_64-linux-gnu/pkgconfig:/home/moutik/Downloads/turtlebot3-master/install/turtlebot3_description/lib/pkgconfig:/home/moutik/Downloads/turtlebot3-master/install/turtlebot3/lib/x86_64-linux-gnu/pkgconfig:/home/moutik/Downloads/turtlebot3-master/install/turtlebot3/lib/pkgconfig:/home/moutik/Downloads/turtlebot3-master/install/turtlebot3_slam/lib/x86_64-linux-gnu/pkgconfig:/home/moutik/Downloads/turtlebot3-master/install/turtlebot3_slam/lib/pkgconfig:/home/moutik/Downloads/turtlebot3-master/install/turtlebot3_navigation/lib/x86_64-linux-gnu/pkgconfig:/home/moutik/Downloads/turtlebot3-master/install/turtlebot3_navigation/lib/pkgconfig:/home/moutik/Downloads/turtlebot3-master/install/turtlebot3_example/lib/x86_64-linux-gnu/pkgconfig:/home/moutik/Downloads/turtlebot3-master/install/turtlebot3_example/lib/pkgconfig:/home/moutik/Downloads/turtlebot3-master/install/turtlebot3_bringup/lib/x86_64-linux-gnu/pkgconfig:/home/moutik/Downloads/turtlebot3-master/install/turtlebot3_bringup/lib/pkgconfig:/opt/ros/melodic/lib/pkgconfig PYTHONPATH=/home/moutik/Downloads/turtlebot3-master/install/turtlebot3_teleop/lib/python2.7/dist-packages:/home/moutik/Downloads/turtlebot3-master/install/turtlebot3_example/lib/python2.7/dist-packages:/opt/ros/melodic/lib/python2.7/dist-packages ROS_PACKAGE_PATH=/home/moutik/Downloads/turtlebot3-master/install/turtlebot3_teleop/share:/home/moutik/Downloads/turtlebot3-master/install/turtlebot3_description/share:/home/moutik/Downloads/turtlebot3-master/install/turtlebot3/share:/home/moutik/Downloads/turtlebot3-master/install/turtlebot3_slam/share:/home/moutik/Downloads/turtlebot3-master/install/turtlebot3_navigation/share:/home/moutik/Downloads/turtlebot3-master/install/turtlebot3_example/share:/home/moutik/Downloads/turtlebot3-master/install/turtlebot3_bringup/share:/opt/ros/melodic/share /usr/bin/cmake --build /home/moutik/Downloads/turtlebot3-master/build/turtlebot3_bringup --target install -- -j2 -l2
[8.564s] [  0%] Built target turtlebot3_msgs_generate_messages_cpp
[8.746s] [  0%] Built target turtlebot3_msgs_generate_messages_nodejs
[8.897s] [  0%] Built target turtlebot3_msgs_generate_messages_lisp
[9.038s] [  0%] Built target turtlebot3_msgs_generate_messages_eus
[9.169s] [  0%] Built target rosgraph_msgs_generate_messages_nodejs
[9.327s] [  0%] Built target rosgraph_msgs_generate_messages_py
[9.492s] [  0%] Built target std_msgs_generate_messages_eus
[9.645s] [  0%] Built target rosgraph_msgs_generate_messages_lisp
[9.773s] [  0%] Built target rosgraph_msgs_generate_messages_eus
[9.925s] [  0%] Built target rosgraph_msgs_generate_messages_cpp
[10.094s] [  0%] Built target roscpp_generate_messages_py
[10.275s] [  0%] Built target std_msgs_generate_messages_py
[10.507s] [  0%] Built target geometry_msgs_generate_messages_eus
[10.691s] [  0%] Built target roscpp_generate_messages_nodejs
[10.901s] [  0%] Built target roscpp_generate_messages_eus
[11.059s] [  0%] Built target roscpp_generate_messages_lisp
[11.224s] [  0%] Built target std_msgs_generate_messages_cpp
[11.407s] [  0%] Built target geometry_msgs_generate_messages_nodejs
[11.550s] [  0%] Built target sensor_msgs_generate_messages_py
[11.733s] [  0%] Built target diagnostic_msgs_generate_messages_cpp
[11.896s] [  0%] Built target diagnostic_msgs_generate_messages_eus
[12.049s] [  0%] Built target std_msgs_generate_messages_lisp
[12.221s] [  0%] Built target sensor_msgs_generate_messages_cpp
[12.370s] [  0%] Built target sensor_msgs_generate_messages_eus
[12.531s] [  0%] Built target std_msgs_generate_messages_nodejs
[12.684s] [  0%] Built target sensor_msgs_generate_messages_lisp
[12.830s] [  0%] Built target turtlebot3_msgs_generate_messages_py
[12.971s] [  0%] Built target roscpp_generate_messages_cpp
[13.113s] [  0%] Built target sensor_msgs_generate_messages_nodejs
[13.356s] [  0%] Built target diagnostic_msgs_generate_messages_py
[13.528s] [  0%] Built target geometry_msgs_generate_messages_cpp
[13.698s] [  0%] Built target geometry_msgs_generate_messages_lisp
[13.851s] [  0%] Built target geometry_msgs_generate_messages_py
[13.992s] [  0%] Built target diagnostic_msgs_generate_messages_lisp
[14.130s] [  0%] Built target diagnostic_msgs_generate_messages_nodejs
[14.302s] [100%] Built target turtlebot3_diagnostics
[14.400s] [36mInstall the project...[0m
[14.444s] -- Install configuration: ""
[14.446s] -- Up-to-date: /home/moutik/Downloads/turtlebot3-master/install/turtlebot3_bringup/lib/pkgconfig/turtlebot3_bringup.pc
[14.453s] -- Up-to-date: /home/moutik/Downloads/turtlebot3-master/install/turtlebot3_bringup/share/turtlebot3_bringup/cmake/turtlebot3_bringupConfig.cmake
[14.453s] -- Up-to-date: /home/moutik/Downloads/turtlebot3-master/install/turtlebot3_bringup/share/turtlebot3_bringup/cmake/turtlebot3_bringupConfig-version.cmake
[14.453s] -- Up-to-date: /home/moutik/Downloads/turtlebot3-master/install/turtlebot3_bringup/share/turtlebot3_bringup/package.xml
[14.481s] -- Up-to-date: /home/moutik/Downloads/turtlebot3-master/install/turtlebot3_bringup/lib/turtlebot3_bringup/turtlebot3_diagnostics
[14.482s] -- Up-to-date: /home/moutik/Downloads/turtlebot3-master/install/turtlebot3_bringup/lib/turtlebot3_bringup/create_udev_rules
[14.483s] -- Up-to-date: /home/moutik/Downloads/turtlebot3-master/install/turtlebot3_bringup/share/turtlebot3_bringup/launch
[14.491s] -- Up-to-date: /home/moutik/Downloads/turtlebot3-master/install/turtlebot3_bringup/share/turtlebot3_bringup/launch/turtlebot3_model.launch
[14.492s] -- Up-to-date: /home/moutik/Downloads/turtlebot3-master/install/turtlebot3_bringup/share/turtlebot3_bringup/launch/turtlebot3_core.launch
[14.493s] -- Up-to-date: /home/moutik/Downloads/turtlebot3-master/install/turtlebot3_bringup/share/turtlebot3_bringup/launch/turtlebot3_robot.launch
[14.493s] -- Up-to-date: /home/moutik/Downloads/turtlebot3-master/install/turtlebot3_bringup/share/turtlebot3_bringup/launch/turtlebot3_rpicamera.launch
[14.494s] -- Up-to-date: /home/moutik/Downloads/turtlebot3-master/install/turtlebot3_bringup/share/turtlebot3_bringup/launch/turtlebot3_remote.launch
[14.495s] -- Up-to-date: /home/moutik/Downloads/turtlebot3-master/install/turtlebot3_bringup/share/turtlebot3_bringup/launch/turtlebot3_lidar.launch
[14.495s] -- Up-to-date: /home/moutik/Downloads/turtlebot3-master/install/turtlebot3_bringup/share/turtlebot3_bringup/launch/turtlebot3_realsense.launch
[14.496s] -- Up-to-date: /home/moutik/Downloads/turtlebot3-master/install/turtlebot3_bringup/share/turtlebot3_bringup/launch/includes
[14.505s] -- Up-to-date: /home/moutik/Downloads/turtlebot3-master/install/turtlebot3_bringup/share/turtlebot3_bringup/launch/includes/description.launch.xml
[14.513s] -- Up-to-date: /home/moutik/Downloads/turtlebot3-master/install/turtlebot3_bringup/share/turtlebot3_bringup/99-turtlebot3-cdc.rules
[14.542s] Invoked command in '/home/moutik/Downloads/turtlebot3-master/build/turtlebot3_bringup' returned '0': CMAKE_PREFIX_PATH=/home/moutik/Downloads/turtlebot3-master/install/turtlebot3_teleop:/home/moutik/Downloads/turtlebot3-master/install/turtlebot3_description:/home/moutik/Downloads/turtlebot3-master/install/turtlebot3_slam:/home/moutik/Downloads/turtlebot3-master/install/turtlebot3_navigation:/home/moutik/Downloads/turtlebot3-master/install/turtlebot3_example:/home/moutik/Downloads/turtlebot3-master/install/turtlebot3_bringup:/opt/ros/melodic PKG_CONFIG_PATH=/home/moutik/Downloads/turtlebot3-master/install/turtlebot3_teleop/lib/x86_64-linux-gnu/pkgconfig:/home/moutik/Downloads/turtlebot3-master/install/turtlebot3_teleop/lib/pkgconfig:/home/moutik/Downloads/turtlebot3-master/install/turtlebot3_description/lib/x86_64-linux-gnu/pkgconfig:/home/moutik/Downloads/turtlebot3-master/install/turtlebot3_description/lib/pkgconfig:/home/moutik/Downloads/turtlebot3-master/install/turtlebot3/lib/x86_64-linux-gnu/pkgconfig:/home/moutik/Downloads/turtlebot3-master/install/turtlebot3/lib/pkgconfig:/home/moutik/Downloads/turtlebot3-master/install/turtlebot3_slam/lib/x86_64-linux-gnu/pkgconfig:/home/moutik/Downloads/turtlebot3-master/install/turtlebot3_slam/lib/pkgconfig:/home/moutik/Downloads/turtlebot3-master/install/turtlebot3_navigation/lib/x86_64-linux-gnu/pkgconfig:/home/moutik/Downloads/turtlebot3-master/install/turtlebot3_navigation/lib/pkgconfig:/home/moutik/Downloads/turtlebot3-master/install/turtlebot3_example/lib/x86_64-linux-gnu/pkgconfig:/home/moutik/Downloads/turtlebot3-master/install/turtlebot3_example/lib/pkgconfig:/home/moutik/Downloads/turtlebot3-master/install/turtlebot3_bringup/lib/x86_64-linux-gnu/pkgconfig:/home/moutik/Downloads/turtlebot3-master/install/turtlebot3_bringup/lib/pkgconfig:/opt/ros/melodic/lib/pkgconfig PYTHONPATH=/home/moutik/Downloads/turtlebot3-master/install/turtlebot3_teleop/lib/python2.7/dist-packages:/home/moutik/Downloads/turtlebot3-master/install/turtlebot3_example/lib/python2.7/dist-packages:/opt/ros/melodic/lib/python2.7/dist-packages ROS_PACKAGE_PATH=/home/moutik/Downloads/turtlebot3-master/install/turtlebot3_teleop/share:/home/moutik/Downloads/turtlebot3-master/install/turtlebot3_description/share:/home/moutik/Downloads/turtlebot3-master/install/turtlebot3/share:/home/moutik/Downloads/turtlebot3-master/install/turtlebot3_slam/share:/home/moutik/Downloads/turtlebot3-master/install/turtlebot3_navigation/share:/home/moutik/Downloads/turtlebot3-master/install/turtlebot3_example/share:/home/moutik/Downloads/turtlebot3-master/install/turtlebot3_bringup/share:/opt/ros/melodic/share /usr/bin/cmake --build /home/moutik/Downloads/turtlebot3-master/build/turtlebot3_bringup --target install -- -j2 -l2
