[0.121s] Invoking command in '/home/moutik/Downloads/turtlebot3-master/build/turtlebot3_description': /usr/bin/cmake --build /home/moutik/Downloads/turtlebot3-master/build/turtlebot3_description -- -j2 -l2
[0.333s] Built target turtlebot3_description_xacro_generated_to_devel_space_
[0.351s] Invoked command in '/home/moutik/Downloads/turtlebot3-master/build/turtlebot3_description' returned '0': /usr/bin/cmake --build /home/moutik/Downloads/turtlebot3-master/build/turtlebot3_description -- -j2 -l2
[0.422s] Invoking command in '/home/moutik/Downloads/turtlebot3-master/build/turtlebot3_description': /usr/bin/cmake --build /home/moutik/Downloads/turtlebot3-master/build/turtlebot3_description --target tests -- -j2 -l2
[0.517s] Built target tests
[0.534s] Invoked command in '/home/moutik/Downloads/turtlebot3-master/build/turtlebot3_description' returned '0': /usr/bin/cmake --build /home/moutik/Downloads/turtlebot3-master/build/turtlebot3_description --target tests -- -j2 -l2
[0.611s] Invoking command in '/home/moutik/Downloads/turtlebot3-master/build/turtlebot3_description': /usr/bin/cmake --build /home/moutik/Downloads/turtlebot3-master/build/turtlebot3_description --target install -- -j2 -l2
[0.702s] Built target turtlebot3_description_xacro_generated_to_devel_space_
[0.737s] [36mInstall the project...[0m
[0.753s] -- Install configuration: ""
[0.754s] -- Up-to-date: /home/moutik/Downloads/turtlebot3-master/install/turtlebot3_description/lib/pkgconfig/turtlebot3_description.pc
[0.755s] -- Up-to-date: /home/moutik/Downloads/turtlebot3-master/install/turtlebot3_description/share/turtlebot3_description/cmake/turtlebot3_descriptionConfig.cmake
[0.755s] -- Up-to-date: /home/moutik/Downloads/turtlebot3-master/install/turtlebot3_description/share/turtlebot3_description/cmake/turtlebot3_descriptionConfig-version.cmake
[0.756s] -- Up-to-date: /home/moutik/Downloads/turtlebot3-master/install/turtlebot3_description/share/turtlebot3_description/package.xml
[0.756s] -- Up-to-date: /home/moutik/Downloads/turtlebot3-master/install/turtlebot3_description/share/turtlebot3_description/meshes
[0.756s] -- Up-to-date: /home/moutik/Downloads/turtlebot3-master/install/turtlebot3_description/share/turtlebot3_description/meshes/wheels
[0.758s] -- Up-to-date: /home/moutik/Downloads/turtlebot3-master/install/turtlebot3_description/share/turtlebot3_description/meshes/wheels/right_tire.stl
[0.758s] -- Up-to-date: /home/moutik/Downloads/turtlebot3-master/install/turtlebot3_description/share/turtlebot3_description/meshes/wheels/left_tire.stl
[0.758s] -- Up-to-date: /home/moutik/Downloads/turtlebot3-master/install/turtlebot3_description/share/turtlebot3_description/meshes/bases
[0.759s] -- Up-to-date: /home/moutik/Downloads/turtlebot3-master/install/turtlebot3_description/share/turtlebot3_description/meshes/bases/waffle_base_for_open_manipulator.stl
[0.759s] -- Up-to-date: /home/moutik/Downloads/turtlebot3-master/install/turtlebot3_description/share/turtlebot3_description/meshes/bases/burger_base.stl
[0.759s] -- Up-to-date: /home/moutik/Downloads/turtlebot3-master/install/turtlebot3_description/share/turtlebot3_description/meshes/bases/waffle_pi_base.stl
[0.759s] -- Up-to-date: /home/moutik/Downloads/turtlebot3-master/install/turtlebot3_description/share/turtlebot3_description/meshes/bases/waffle_base.stl
[0.759s] -- Up-to-date: /home/moutik/Downloads/turtlebot3-master/install/turtlebot3_description/share/turtlebot3_description/meshes/bases/waffle_pi_base_for_open_manipulator.stl
[0.760s] -- Up-to-date: /home/moutik/Downloads/turtlebot3-master/install/turtlebot3_description/share/turtlebot3_description/meshes/sensors
[0.760s] -- Up-to-date: /home/moutik/Downloads/turtlebot3-master/install/turtlebot3_description/share/turtlebot3_description/meshes/sensors/r200.jpg
[0.760s] -- Up-to-date: /home/moutik/Downloads/turtlebot3-master/install/turtlebot3_description/share/turtlebot3_description/meshes/sensors/astra.dae
[0.760s] -- Up-to-date: /home/moutik/Downloads/turtlebot3-master/install/turtlebot3_description/share/turtlebot3_description/meshes/sensors/astra.jpg
[0.761s] -- Up-to-date: /home/moutik/Downloads/turtlebot3-master/install/turtlebot3_description/share/turtlebot3_description/meshes/sensors/lds.stl
[0.761s] -- Up-to-date: /home/moutik/Downloads/turtlebot3-master/install/turtlebot3_description/share/turtlebot3_description/meshes/sensors/r200.dae
[0.761s] -- Up-to-date: /home/moutik/Downloads/turtlebot3-master/install/turtlebot3_description/share/turtlebot3_description/rviz
[0.762s] -- Up-to-date: /home/moutik/Downloads/turtlebot3-master/install/turtlebot3_description/share/turtlebot3_description/rviz/burger.rviz
[0.762s] -- Up-to-date: /home/moutik/Downloads/turtlebot3-master/install/turtlebot3_description/share/turtlebot3_description/rviz/waffle_pi.rviz
[0.762s] -- Up-to-date: /home/moutik/Downloads/turtlebot3-master/install/turtlebot3_description/share/turtlebot3_description/urdf
[0.763s] -- Up-to-date: /home/moutik/Downloads/turtlebot3-master/install/turtlebot3_description/share/turtlebot3_description/urdf/turtlebot3_waffle.gazebo.xacro
[0.763s] -- Up-to-date: /home/moutik/Downloads/turtlebot3-master/install/turtlebot3_description/share/turtlebot3_description/urdf/turtlebot3_waffle_pi.urdf.xacro
[0.763s] -- Up-to-date: /home/moutik/Downloads/turtlebot3-master/install/turtlebot3_description/share/turtlebot3_description/urdf/turtlebot3_waffle_pi_for_open_manipulator.urdf.xacro
[0.763s] -- Up-to-date: /home/moutik/Downloads/turtlebot3-master/install/turtlebot3_description/share/turtlebot3_description/urdf/common_properties.xacro
[0.763s] -- Up-to-date: /home/moutik/Downloads/turtlebot3-master/install/turtlebot3_description/share/turtlebot3_description/urdf/turtlebot3_burger_for_autorace_2020.urdf.xacro
[0.763s] -- Up-to-date: /home/moutik/Downloads/turtlebot3-master/install/turtlebot3_description/share/turtlebot3_description/urdf/turtlebot3_burger_for_autorace_2020.gazebo.xacro
[0.764s] -- Up-to-date: /home/moutik/Downloads/turtlebot3-master/install/turtlebot3_description/share/turtlebot3_description/urdf/turtlebot3_waffle_pi.gazebo.xacro
[0.764s] -- Up-to-date: /home/moutik/Downloads/turtlebot3-master/install/turtlebot3_description/share/turtlebot3_description/urdf/turtlebot3_waffle.urdf.xacro
[0.764s] -- Up-to-date: /home/moutik/Downloads/turtlebot3-master/install/turtlebot3_description/share/turtlebot3_description/urdf/turtlebot3_waffle_pi_for_open_manipulator.gazebo.xacro
[0.764s] -- Up-to-date: /home/moutik/Downloads/turtlebot3-master/install/turtlebot3_description/share/turtlebot3_description/urdf/turtlebot3_burger_for_autorace.gazebo.xacro
[0.765s] -- Up-to-date: /home/moutik/Downloads/turtlebot3-master/install/turtlebot3_description/share/turtlebot3_description/urdf/turtlebot3_burger.urdf.xacro
[0.765s] -- Up-to-date: /home/moutik/Downloads/turtlebot3-master/install/turtlebot3_description/share/turtlebot3_description/urdf/turtlebot3_burger_for_autorace.urdf.xacro
[0.765s] -- Up-to-date: /home/moutik/Downloads/turtlebot3-master/install/turtlebot3_description/share/turtlebot3_description/urdf/turtlebot3_waffle_for_open_manipulator.urdf.xacro
[0.765s] -- Up-to-date: /home/moutik/Downloads/turtlebot3-master/install/turtlebot3_description/share/turtlebot3_description/urdf/turtlebot3_burger.gazebo.xacro
[0.773s] Invoked command in '/home/moutik/Downloads/turtlebot3-master/build/turtlebot3_description' returned '0': /usr/bin/cmake --build /home/moutik/Downloads/turtlebot3-master/build/turtlebot3_description --target install -- -j2 -l2
