[0.682s] Invoking command in '/home/moutik/Downloads/turtlebot3-master/build/turtlebot3_description': /usr/bin/cmake --build /home/moutik/Downloads/turtlebot3-master/build/turtlebot3_description -- -j2 -l2
[1.761s] Built target turtlebot3_description_xacro_generated_to_devel_space_
[1.927s] Invoked command in '/home/moutik/Downloads/turtlebot3-master/build/turtlebot3_description' returned '0': /usr/bin/cmake --build /home/moutik/Downloads/turtlebot3-master/build/turtlebot3_description -- -j2 -l2
[2.834s] Invoking command in '/home/moutik/Downloads/turtlebot3-master/build/turtlebot3_description': /usr/bin/cmake --build /home/moutik/Downloads/turtlebot3-master/build/turtlebot3_description --target tests -- -j2 -l2
[3.766s] Built target tests
[3.862s] Invoked command in '/home/moutik/Downloads/turtlebot3-master/build/turtlebot3_description' returned '0': /usr/bin/cmake --build /home/moutik/Downloads/turtlebot3-master/build/turtlebot3_description --target tests -- -j2 -l2
[4.582s] Invoking command in '/home/moutik/Downloads/turtlebot3-master/build/turtlebot3_description': /usr/bin/cmake --build /home/moutik/Downloads/turtlebot3-master/build/turtlebot3_description --target install -- -j2 -l2
[5.338s] Built target turtlebot3_description_xacro_generated_to_devel_space_
[5.710s] [36mInstall the project...[0m
[5.884s] -- Install configuration: ""
[5.885s] -- Up-to-date: /home/moutik/Downloads/turtlebot3-master/install/turtlebot3_description/lib/pkgconfig/turtlebot3_description.pc
[5.892s] -- Up-to-date: /home/moutik/Downloads/turtlebot3-master/install/turtlebot3_description/share/turtlebot3_description/cmake/turtlebot3_descriptionConfig.cmake
[5.893s] -- Up-to-date: /home/moutik/Downloads/turtlebot3-master/install/turtlebot3_description/share/turtlebot3_description/cmake/turtlebot3_descriptionConfig-version.cmake
[5.899s] -- Up-to-date: /home/moutik/Downloads/turtlebot3-master/install/turtlebot3_description/share/turtlebot3_description/package.xml
[5.905s] -- Up-to-date: /home/moutik/Downloads/turtlebot3-master/install/turtlebot3_description/share/turtlebot3_description/meshes
[5.907s] -- Up-to-date: /home/moutik/Downloads/turtlebot3-master/install/turtlebot3_description/share/turtlebot3_description/meshes/wheels
[5.910s] -- Up-to-date: /home/moutik/Downloads/turtlebot3-master/install/turtlebot3_description/share/turtlebot3_description/meshes/wheels/right_tire.stl
[5.916s] -- Up-to-date: /home/moutik/Downloads/turtlebot3-master/install/turtlebot3_description/share/turtlebot3_description/meshes/wheels/left_tire.stl
[5.919s] -- Up-to-date: /home/moutik/Downloads/turtlebot3-master/install/turtlebot3_description/share/turtlebot3_description/meshes/bases
[5.921s] -- Up-to-date: /home/moutik/Downloads/turtlebot3-master/install/turtlebot3_description/share/turtlebot3_description/meshes/bases/waffle_base_for_open_manipulator.stl
[5.922s] -- Up-to-date: /home/moutik/Downloads/turtlebot3-master/install/turtlebot3_description/share/turtlebot3_description/meshes/bases/burger_base.stl
[5.922s] -- Up-to-date: /home/moutik/Downloads/turtlebot3-master/install/turtlebot3_description/share/turtlebot3_description/meshes/bases/waffle_pi_base.stl
[5.922s] -- Up-to-date: /home/moutik/Downloads/turtlebot3-master/install/turtlebot3_description/share/turtlebot3_description/meshes/bases/waffle_base.stl
[5.926s] -- Up-to-date: /home/moutik/Downloads/turtlebot3-master/install/turtlebot3_description/share/turtlebot3_description/meshes/bases/waffle_pi_base_for_open_manipulator.stl
[5.927s] -- Up-to-date: /home/moutik/Downloads/turtlebot3-master/install/turtlebot3_description/share/turtlebot3_description/meshes/sensors
[5.930s] -- Up-to-date: /home/moutik/Downloads/turtlebot3-master/install/turtlebot3_description/share/turtlebot3_description/meshes/sensors/r200.jpg
[5.932s] -- Up-to-date: /home/moutik/Downloads/turtlebot3-master/install/turtlebot3_description/share/turtlebot3_description/meshes/sensors/astra.dae
[5.933s] -- Up-to-date: /home/moutik/Downloads/turtlebot3-master/install/turtlebot3_description/share/turtlebot3_description/meshes/sensors/astra.jpg
[5.940s] -- Up-to-date: /home/moutik/Downloads/turtlebot3-master/install/turtlebot3_description/share/turtlebot3_description/meshes/sensors/lds.stl
[5.943s] -- Up-to-date: /home/moutik/Downloads/turtlebot3-master/install/turtlebot3_description/share/turtlebot3_description/meshes/sensors/r200.dae
[5.944s] -- Up-to-date: /home/moutik/Downloads/turtlebot3-master/install/turtlebot3_description/share/turtlebot3_description/rviz
[5.971s] -- Up-to-date: /home/moutik/Downloads/turtlebot3-master/install/turtlebot3_description/share/turtlebot3_description/rviz/burger.rviz
[5.978s] -- Up-to-date: /home/moutik/Downloads/turtlebot3-master/install/turtlebot3_description/share/turtlebot3_description/rviz/waffle_pi.rviz
[5.979s] -- Up-to-date: /home/moutik/Downloads/turtlebot3-master/install/turtlebot3_description/share/turtlebot3_description/urdf
[5.982s] -- Up-to-date: /home/moutik/Downloads/turtlebot3-master/install/turtlebot3_description/share/turtlebot3_description/urdf/turtlebot3_waffle.gazebo.xacro
[5.982s] -- Up-to-date: /home/moutik/Downloads/turtlebot3-master/install/turtlebot3_description/share/turtlebot3_description/urdf/turtlebot3_waffle_pi.urdf.xacro
[5.983s] -- Up-to-date: /home/moutik/Downloads/turtlebot3-master/install/turtlebot3_description/share/turtlebot3_description/urdf/turtlebot3_waffle_pi_for_open_manipulator.urdf.xacro
[5.984s] -- Up-to-date: /home/moutik/Downloads/turtlebot3-master/install/turtlebot3_description/share/turtlebot3_description/urdf/common_properties.xacro
[5.985s] -- Up-to-date: /home/moutik/Downloads/turtlebot3-master/install/turtlebot3_description/share/turtlebot3_description/urdf/turtlebot3_burger_for_autorace_2020.urdf.xacro
[5.985s] -- Up-to-date: /home/moutik/Downloads/turtlebot3-master/install/turtlebot3_description/share/turtlebot3_description/urdf/turtlebot3_burger_for_autorace_2020.gazebo.xacro
[5.991s] -- Up-to-date: /home/moutik/Downloads/turtlebot3-master/install/turtlebot3_description/share/turtlebot3_description/urdf/turtlebot3_waffle_pi.gazebo.xacro
[5.997s] -- Up-to-date: /home/moutik/Downloads/turtlebot3-master/install/turtlebot3_description/share/turtlebot3_description/urdf/turtlebot3_waffle.urdf.xacro
[5.997s] -- Up-to-date: /home/moutik/Downloads/turtlebot3-master/install/turtlebot3_description/share/turtlebot3_description/urdf/turtlebot3_waffle_pi_for_open_manipulator.gazebo.xacro
[6.003s] -- Up-to-date: /home/moutik/Downloads/turtlebot3-master/install/turtlebot3_description/share/turtlebot3_description/urdf/turtlebot3_burger_for_autorace.gazebo.xacro
[6.009s] -- Up-to-date: /home/moutik/Downloads/turtlebot3-master/install/turtlebot3_description/share/turtlebot3_description/urdf/turtlebot3_burger.urdf.xacro
[6.037s] -- Up-to-date: /home/moutik/Downloads/turtlebot3-master/install/turtlebot3_description/share/turtlebot3_description/urdf/turtlebot3_burger_for_autorace.urdf.xacro
[6.038s] -- Up-to-date: /home/moutik/Downloads/turtlebot3-master/install/turtlebot3_description/share/turtlebot3_description/urdf/turtlebot3_waffle_for_open_manipulator.urdf.xacro
[6.039s] -- Up-to-date: /home/moutik/Downloads/turtlebot3-master/install/turtlebot3_description/share/turtlebot3_description/urdf/turtlebot3_burger.gazebo.xacro
[6.069s] Invoked command in '/home/moutik/Downloads/turtlebot3-master/build/turtlebot3_description' returned '0': /usr/bin/cmake --build /home/moutik/Downloads/turtlebot3-master/build/turtlebot3_description --target install -- -j2 -l2
