[0.163s] Invoking command in '/home/moutik/Downloads/turtlebot3-master/build/turtlebot3_teleop': /usr/bin/cmake --build /home/moutik/Downloads/turtlebot3-master/build/turtlebot3_teleop -- -j2 -l2
[0.433s] Invoked command in '/home/moutik/Downloads/turtlebot3-master/build/turtlebot3_teleop' returned '0': /usr/bin/cmake --build /home/moutik/Downloads/turtlebot3-master/build/turtlebot3_teleop -- -j2 -l2
[0.601s] Invoking command in '/home/moutik/Downloads/turtlebot3-master/build/turtlebot3_teleop': /usr/bin/cmake --build /home/moutik/Downloads/turtlebot3-master/build/turtlebot3_teleop --target tests -- -j2 -l2
[0.833s] Built target tests
[0.872s] Invoked command in '/home/moutik/Downloads/turtlebot3-master/build/turtlebot3_teleop' returned '0': /usr/bin/cmake --build /home/moutik/Downloads/turtlebot3-master/build/turtlebot3_teleop --target tests -- -j2 -l2
[1.101s] Invoking command in '/home/moutik/Downloads/turtlebot3-master/build/turtlebot3_teleop': /usr/bin/cmake --build /home/moutik/Downloads/turtlebot3-master/build/turtlebot3_teleop --target install -- -j2 -l2
[1.270s] [36mInstall the project...[0m
[1.325s] -- Install configuration: ""
[1.332s] + cd /home/moutik/Downloads/turtlebot3-master/turtlebot3_teleop
[1.332s] + mkdir -p /home/moutik/Downloads/turtlebot3-master/install/turtlebot3_teleop/lib/python2.7/dist-packages
[1.338s] + /usr/bin/env PYTHONPATH=/home/moutik/Downloads/turtlebot3-master/install/turtlebot3_teleop/lib/python2.7/dist-packages:/home/moutik/Downloads/turtlebot3-master/build/turtlebot3_teleop/lib/python2.7/dist-packages:/home/moutik/Downloads/turtlebot3-master/install/turtlebot3_example/lib/python2.7/dist-packages:/home/moutik/Downloads/turtlebot3-master/install/turtlebot3_teleop/lib/python2.7/dist-packages:/opt/ros/melodic/lib/python2.7/dist-packages CATKIN_BINARY_DIR=/home/moutik/Downloads/turtlebot3-master/build/turtlebot3_teleop /usr/bin/python2 /home/moutik/Downloads/turtlebot3-master/turtlebot3_teleop/setup.py build --build-base /home/moutik/Downloads/turtlebot3-master/build/turtlebot3_teleop install --root=/ --install-layout=deb --prefix=/home/moutik/Downloads/turtlebot3-master/install/turtlebot3_teleop --install-scripts=/home/moutik/Downloads/turtlebot3-master/install/turtlebot3_teleop/bin
[1.524s] running build
[1.525s] running build_py
[1.531s] running install
[1.532s] running install_lib
[1.537s] running install_egg_info
[1.538s] Removing /home/moutik/Downloads/turtlebot3-master/install/turtlebot3_teleop/lib/python2.7/dist-packages/turtlebot3_teleop-1.2.6.egg-info
[1.539s] Writing /home/moutik/Downloads/turtlebot3-master/install/turtlebot3_teleop/lib/python2.7/dist-packages/turtlebot3_teleop-1.2.6.egg-info
[1.550s] -- Up-to-date: /home/moutik/Downloads/turtlebot3-master/install/turtlebot3_teleop/lib/pkgconfig/turtlebot3_teleop.pc
[1.551s] -- Up-to-date: /home/moutik/Downloads/turtlebot3-master/install/turtlebot3_teleop/share/turtlebot3_teleop/cmake/turtlebot3_teleopConfig.cmake
[1.552s] -- Up-to-date: /home/moutik/Downloads/turtlebot3-master/install/turtlebot3_teleop/share/turtlebot3_teleop/cmake/turtlebot3_teleopConfig-version.cmake
[1.552s] -- Up-to-date: /home/moutik/Downloads/turtlebot3-master/install/turtlebot3_teleop/share/turtlebot3_teleop/package.xml
[1.553s] -- Up-to-date: /home/moutik/Downloads/turtlebot3-master/install/turtlebot3_teleop/lib/turtlebot3_teleop/turtlebot3_teleop_key
[1.553s] -- Up-to-date: /home/moutik/Downloads/turtlebot3-master/install/turtlebot3_teleop/share/turtlebot3_teleop/launch
[1.554s] -- Up-to-date: /home/moutik/Downloads/turtlebot3-master/install/turtlebot3_teleop/share/turtlebot3_teleop/launch/turtlebot3_teleop_key.launch
[1.569s] Invoked command in '/home/moutik/Downloads/turtlebot3-master/build/turtlebot3_teleop' returned '0': /usr/bin/cmake --build /home/moutik/Downloads/turtlebot3-master/build/turtlebot3_teleop --target install -- -j2 -l2
