[0.140s] Invoking command in '/home/moutik/Downloads/turtlebot3-master/build/turtlebot3_bringup': CMAKE_PREFIX_PATH=/home/moutik/Downloads/turtlebot3-master/install/turtlebot3_teleop:/home/moutik/Downloads/turtlebot3-master/install/turtlebot3_description:/home/moutik/Downloads/turtlebot3-master/install/turtlebot3_slam:/home/moutik/Downloads/turtlebot3-master/install/turtlebot3_navigation:/home/moutik/Downloads/turtlebot3-master/install/turtlebot3_example:/home/moutik/Downloads/turtlebot3-master/install/turtlebot3_bringup:/opt/ros/melodic PKG_CONFIG_PATH=/home/moutik/Downloads/turtlebot3-master/install/turtlebot3_teleop/lib/x86_64-linux-gnu/pkgconfig:/home/moutik/Downloads/turtlebot3-master/install/turtlebot3_teleop/lib/pkgconfig:/home/moutik/Downloads/turtlebot3-master/install/turtlebot3_description/lib/x86_64-linux-gnu/pkgconfig:/home/moutik/Downloads/turtlebot3-master/install/turtlebot3_description/lib/pkgconfig:/home/moutik/Downloads/turtlebot3-master/install/turtlebot3/lib/x86_64-linux-gnu/pkgconfig:/home/moutik/Downloads/turtlebot3-master/install/turtlebot3/lib/pkgconfig:/home/moutik/Downloads/turtlebot3-master/install/turtlebot3_slam/lib/x86_64-linux-gnu/pkgconfig:/home/moutik/Downloads/turtlebot3-master/install/turtlebot3_slam/lib/pkgconfig:/home/moutik/Downloads/turtlebot3-master/install/turtlebot3_navigation/lib/x86_64-linux-gnu/pkgconfig:/home/moutik/Downloads/turtlebot3-master/install/turtlebot3_navigation/lib/pkgconfig:/home/moutik/Downloads/turtlebot3-master/install/turtlebot3_example/lib/x86_64-linux-gnu/pkgconfig:/home/moutik/Downloads/turtlebot3-master/install/turtlebot3_example/lib/pkgconfig:/home/moutik/Downloads/turtlebot3-master/install/turtlebot3_bringup/lib/x86_64-linux-gnu/pkgconfig:/home/moutik/Downloads/turtlebot3-master/install/turtlebot3_bringup/lib/pkgconfig:/opt/ros/melodic/lib/pkgconfig PYTHONPATH=/home/moutik/Downloads/turtlebot3-master/install/turtlebot3_teleop/lib/python2.7/dist-packages:/home/moutik/Downloads/turtlebot3-master/install/turtlebot3_example/lib/python2.7/dist-packages:/opt/ros/melodic/lib/python2.7/dist-packages ROS_PACKAGE_PATH=/home/moutik/Downloads/turtlebot3-master/install/turtlebot3_teleop/share:/home/moutik/Downloads/turtlebot3-master/install/turtlebot3_description/share:/home/moutik/Downloads/turtlebot3-master/install/turtlebot3/share:/home/moutik/Downloads/turtlebot3-master/install/turtlebot3_slam/share:/home/moutik/Downloads/turtlebot3-master/install/turtlebot3_navigation/share:/home/moutik/Downloads/turtlebot3-master/install/turtlebot3_example/share:/home/moutik/Downloads/turtlebot3-master/install/turtlebot3_bringup/share:/opt/ros/melodic/share /usr/bin/cmake --build /home/moutik/Downloads/turtlebot3-master/build/turtlebot3_bringup -- -j2 -l2
[0.338s] [  0%] Built target turtlebot3_msgs_generate_messages_cpp
[0.339s] [  0%] Built target turtlebot3_msgs_generate_messages_nodejs
[0.406s] [  0%] Built target turtlebot3_msgs_generate_messages_lisp
[0.416s] [  0%] Built target turtlebot3_msgs_generate_messages_eus
[0.479s] [  0%] Built target rosgraph_msgs_generate_messages_nodejs
[0.495s] [  0%] Built target rosgraph_msgs_generate_messages_py
[0.553s] [  0%] Built target std_msgs_generate_messages_eus
[0.566s] [  0%] Built target rosgraph_msgs_generate_messages_lisp
[0.621s] [  0%] Built target rosgraph_msgs_generate_messages_eus
[0.638s] [  0%] Built target rosgraph_msgs_generate_messages_cpp
[0.698s] [  0%] Built target roscpp_generate_messages_py
[0.727s] [  0%] Built target std_msgs_generate_messages_py
[0.783s] [  0%] Built target geometry_msgs_generate_messages_eus
[0.811s] [  0%] Built target roscpp_generate_messages_nodejs
[0.873s] [  0%] Built target roscpp_generate_messages_eus
[0.895s] [  0%] Built target roscpp_generate_messages_lisp
[0.944s] [  0%] Built target std_msgs_generate_messages_cpp
[0.978s] [  0%] Built target geometry_msgs_generate_messages_nodejs
[1.019s] [  0%] Built target sensor_msgs_generate_messages_py
[1.057s] [  0%] Built target diagnostic_msgs_generate_messages_cpp
[1.099s] [  0%] Built target diagnostic_msgs_generate_messages_eus
[1.136s] [  0%] Built target std_msgs_generate_messages_lisp
[1.181s] [  0%] Built target sensor_msgs_generate_messages_cpp
[1.214s] [  0%] Built target sensor_msgs_generate_messages_eus
[1.256s] [  0%] Built target std_msgs_generate_messages_nodejs
[1.294s] [  0%] Built target sensor_msgs_generate_messages_lisp
[1.338s] [  0%] Built target turtlebot3_msgs_generate_messages_py
[1.377s] [  0%] Built target roscpp_generate_messages_cpp
[1.412s] [  0%] Built target sensor_msgs_generate_messages_nodejs
[1.461s] [  0%] Built target diagnostic_msgs_generate_messages_py
[1.494s] [  0%] Built target geometry_msgs_generate_messages_cpp
[1.539s] [  0%] Built target geometry_msgs_generate_messages_lisp
[1.583s] [  0%] Built target geometry_msgs_generate_messages_py
[1.621s] [  0%] Built target diagnostic_msgs_generate_messages_lisp
[1.660s] [  0%] Built target diagnostic_msgs_generate_messages_nodejs
[1.767s] [100%] Built target turtlebot3_diagnostics
[1.801s] Invoked command in '/home/moutik/Downloads/turtlebot3-master/build/turtlebot3_bringup' returned '0': CMAKE_PREFIX_PATH=/home/moutik/Downloads/turtlebot3-master/install/turtlebot3_teleop:/home/moutik/Downloads/turtlebot3-master/install/turtlebot3_description:/home/moutik/Downloads/turtlebot3-master/install/turtlebot3_slam:/home/moutik/Downloads/turtlebot3-master/install/turtlebot3_navigation:/home/moutik/Downloads/turtlebot3-master/install/turtlebot3_example:/home/moutik/Downloads/turtlebot3-master/install/turtlebot3_bringup:/opt/ros/melodic PKG_CONFIG_PATH=/home/moutik/Downloads/turtlebot3-master/install/turtlebot3_teleop/lib/x86_64-linux-gnu/pkgconfig:/home/moutik/Downloads/turtlebot3-master/install/turtlebot3_teleop/lib/pkgconfig:/home/moutik/Downloads/turtlebot3-master/install/turtlebot3_description/lib/x86_64-linux-gnu/pkgconfig:/home/moutik/Downloads/turtlebot3-master/install/turtlebot3_description/lib/pkgconfig:/home/moutik/Downloads/turtlebot3-master/install/turtlebot3/lib/x86_64-linux-gnu/pkgconfig:/home/moutik/Downloads/turtlebot3-master/install/turtlebot3/lib/pkgconfig:/home/moutik/Downloads/turtlebot3-master/install/turtlebot3_slam/lib/x86_64-linux-gnu/pkgconfig:/home/moutik/Downloads/turtlebot3-master/install/turtlebot3_slam/lib/pkgconfig:/home/moutik/Downloads/turtlebot3-master/install/turtlebot3_navigation/lib/x86_64-linux-gnu/pkgconfig:/home/moutik/Downloads/turtlebot3-master/install/turtlebot3_navigation/lib/pkgconfig:/home/moutik/Downloads/turtlebot3-master/install/turtlebot3_example/lib/x86_64-linux-gnu/pkgconfig:/home/moutik/Downloads/turtlebot3-master/install/turtlebot3_example/lib/pkgconfig:/home/moutik/Downloads/turtlebot3-master/install/turtlebot3_bringup/lib/x86_64-linux-gnu/pkgconfig:/home/moutik/Downloads/turtlebot3-master/install/turtlebot3_bringup/lib/pkgconfig:/opt/ros/melodic/lib/pkgconfig PYTHONPATH=/home/moutik/Downloads/turtlebot3-master/install/turtlebot3_teleop/lib/python2.7/dist-packages:/home/moutik/Downloads/turtlebot3-master/install/turtlebot3_example/lib/python2.7/dist-packages:/opt/ros/melodic/lib/python2.7/dist-packages ROS_PACKAGE_PATH=/home/moutik/Downloads/turtlebot3-master/install/turtlebot3_teleop/share:/home/moutik/Downloads/turtlebot3-master/install/turtlebot3_description/share:/home/moutik/Downloads/turtlebot3-master/install/turtlebot3/share:/home/moutik/Downloads/turtlebot3-master/install/turtlebot3_slam/share:/home/moutik/Downloads/turtlebot3-master/install/turtlebot3_navigation/share:/home/moutik/Downloads/turtlebot3-master/install/turtlebot3_example/share:/home/moutik/Downloads/turtlebot3-master/install/turtlebot3_bringup/share:/opt/ros/melodic/share /usr/bin/cmake --build /home/moutik/Downloads/turtlebot3-master/build/turtlebot3_bringup -- -j2 -l2
[2.100s] Invoking command in '/home/moutik/Downloads/turtlebot3-master/build/turtlebot3_bringup': CMAKE_PREFIX_PATH=/home/moutik/Downloads/turtlebot3-master/install/turtlebot3_teleop:/home/moutik/Downloads/turtlebot3-master/install/turtlebot3_description:/home/moutik/Downloads/turtlebot3-master/install/turtlebot3_slam:/home/moutik/Downloads/turtlebot3-master/install/turtlebot3_navigation:/home/moutik/Downloads/turtlebot3-master/install/turtlebot3_example:/home/moutik/Downloads/turtlebot3-master/install/turtlebot3_bringup:/opt/ros/melodic PKG_CONFIG_PATH=/home/moutik/Downloads/turtlebot3-master/install/turtlebot3_teleop/lib/x86_64-linux-gnu/pkgconfig:/home/moutik/Downloads/turtlebot3-master/install/turtlebot3_teleop/lib/pkgconfig:/home/moutik/Downloads/turtlebot3-master/install/turtlebot3_description/lib/x86_64-linux-gnu/pkgconfig:/home/moutik/Downloads/turtlebot3-master/install/turtlebot3_description/lib/pkgconfig:/home/moutik/Downloads/turtlebot3-master/install/turtlebot3/lib/x86_64-linux-gnu/pkgconfig:/home/moutik/Downloads/turtlebot3-master/install/turtlebot3/lib/pkgconfig:/home/moutik/Downloads/turtlebot3-master/install/turtlebot3_slam/lib/x86_64-linux-gnu/pkgconfig:/home/moutik/Downloads/turtlebot3-master/install/turtlebot3_slam/lib/pkgconfig:/home/moutik/Downloads/turtlebot3-master/install/turtlebot3_navigation/lib/x86_64-linux-gnu/pkgconfig:/home/moutik/Downloads/turtlebot3-master/install/turtlebot3_navigation/lib/pkgconfig:/home/moutik/Downloads/turtlebot3-master/install/turtlebot3_example/lib/x86_64-linux-gnu/pkgconfig:/home/moutik/Downloads/turtlebot3-master/install/turtlebot3_example/lib/pkgconfig:/home/moutik/Downloads/turtlebot3-master/install/turtlebot3_bringup/lib/x86_64-linux-gnu/pkgconfig:/home/moutik/Downloads/turtlebot3-master/install/turtlebot3_bringup/lib/pkgconfig:/opt/ros/melodic/lib/pkgconfig PYTHONPATH=/home/moutik/Downloads/turtlebot3-master/install/turtlebot3_teleop/lib/python2.7/dist-packages:/home/moutik/Downloads/turtlebot3-master/install/turtlebot3_example/lib/python2.7/dist-packages:/opt/ros/melodic/lib/python2.7/dist-packages ROS_PACKAGE_PATH=/home/moutik/Downloads/turtlebot3-master/install/turtlebot3_teleop/share:/home/moutik/Downloads/turtlebot3-master/install/turtlebot3_description/share:/home/moutik/Downloads/turtlebot3-master/install/turtlebot3/share:/home/moutik/Downloads/turtlebot3-master/install/turtlebot3_slam/share:/home/moutik/Downloads/turtlebot3-master/install/turtlebot3_navigation/share:/home/moutik/Downloads/turtlebot3-master/install/turtlebot3_example/share:/home/moutik/Downloads/turtlebot3-master/install/turtlebot3_bringup/share:/opt/ros/melodic/share /usr/bin/cmake --build /home/moutik/Downloads/turtlebot3-master/build/turtlebot3_bringup --target tests -- -j2 -l2
[2.337s] Built target tests
[2.373s] Invoked command in '/home/moutik/Downloads/turtlebot3-master/build/turtlebot3_bringup' returned '0': CMAKE_PREFIX_PATH=/home/moutik/Downloads/turtlebot3-master/install/turtlebot3_teleop:/home/moutik/Downloads/turtlebot3-master/install/turtlebot3_description:/home/moutik/Downloads/turtlebot3-master/install/turtlebot3_slam:/home/moutik/Downloads/turtlebot3-master/install/turtlebot3_navigation:/home/moutik/Downloads/turtlebot3-master/install/turtlebot3_example:/home/moutik/Downloads/turtlebot3-master/install/turtlebot3_bringup:/opt/ros/melodic PKG_CONFIG_PATH=/home/moutik/Downloads/turtlebot3-master/install/turtlebot3_teleop/lib/x86_64-linux-gnu/pkgconfig:/home/moutik/Downloads/turtlebot3-master/install/turtlebot3_teleop/lib/pkgconfig:/home/moutik/Downloads/turtlebot3-master/install/turtlebot3_description/lib/x86_64-linux-gnu/pkgconfig:/home/moutik/Downloads/turtlebot3-master/install/turtlebot3_description/lib/pkgconfig:/home/moutik/Downloads/turtlebot3-master/install/turtlebot3/lib/x86_64-linux-gnu/pkgconfig:/home/moutik/Downloads/turtlebot3-master/install/turtlebot3/lib/pkgconfig:/home/moutik/Downloads/turtlebot3-master/install/turtlebot3_slam/lib/x86_64-linux-gnu/pkgconfig:/home/moutik/Downloads/turtlebot3-master/install/turtlebot3_slam/lib/pkgconfig:/home/moutik/Downloads/turtlebot3-master/install/turtlebot3_navigation/lib/x86_64-linux-gnu/pkgconfig:/home/moutik/Downloads/turtlebot3-master/install/turtlebot3_navigation/lib/pkgconfig:/home/moutik/Downloads/turtlebot3-master/install/turtlebot3_example/lib/x86_64-linux-gnu/pkgconfig:/home/moutik/Downloads/turtlebot3-master/install/turtlebot3_example/lib/pkgconfig:/home/moutik/Downloads/turtlebot3-master/install/turtlebot3_bringup/lib/x86_64-linux-gnu/pkgconfig:/home/moutik/Downloads/turtlebot3-master/install/turtlebot3_bringup/lib/pkgconfig:/opt/ros/melodic/lib/pkgconfig PYTHONPATH=/home/moutik/Downloads/turtlebot3-master/install/turtlebot3_teleop/lib/python2.7/dist-packages:/home/moutik/Downloads/turtlebot3-master/install/turtlebot3_example/lib/python2.7/dist-packages:/opt/ros/melodic/lib/python2.7/dist-packages ROS_PACKAGE_PATH=/home/moutik/Downloads/turtlebot3-master/install/turtlebot3_teleop/share:/home/moutik/Downloads/turtlebot3-master/install/turtlebot3_description/share:/home/moutik/Downloads/turtlebot3-master/install/turtlebot3/share:/home/moutik/Downloads/turtlebot3-master/install/turtlebot3_slam/share:/home/moutik/Downloads/turtlebot3-master/install/turtlebot3_navigation/share:/home/moutik/Downloads/turtlebot3-master/install/turtlebot3_example/share:/home/moutik/Downloads/turtlebot3-master/install/turtlebot3_bringup/share:/opt/ros/melodic/share /usr/bin/cmake --build /home/moutik/Downloads/turtlebot3-master/build/turtlebot3_bringup --target tests -- -j2 -l2
[2.624s] Invoking command in '/home/moutik/Downloads/turtlebot3-master/build/turtlebot3_bringup': CMAKE_PREFIX_PATH=/home/moutik/Downloads/turtlebot3-master/install/turtlebot3_teleop:/home/moutik/Downloads/turtlebot3-master/install/turtlebot3_description:/home/moutik/Downloads/turtlebot3-master/install/turtlebot3_slam:/home/moutik/Downloads/turtlebot3-master/install/turtlebot3_navigation:/home/moutik/Downloads/turtlebot3-master/install/turtlebot3_example:/home/moutik/Downloads/turtlebot3-master/install/turtlebot3_bringup:/opt/ros/melodic PKG_CONFIG_PATH=/home/moutik/Downloads/turtlebot3-master/install/turtlebot3_teleop/lib/x86_64-linux-gnu/pkgconfig:/home/moutik/Downloads/turtlebot3-master/install/turtlebot3_teleop/lib/pkgconfig:/home/moutik/Downloads/turtlebot3-master/install/turtlebot3_description/lib/x86_64-linux-gnu/pkgconfig:/home/moutik/Downloads/turtlebot3-master/install/turtlebot3_description/lib/pkgconfig:/home/moutik/Downloads/turtlebot3-master/install/turtlebot3/lib/x86_64-linux-gnu/pkgconfig:/home/moutik/Downloads/turtlebot3-master/install/turtlebot3/lib/pkgconfig:/home/moutik/Downloads/turtlebot3-master/install/turtlebot3_slam/lib/x86_64-linux-gnu/pkgconfig:/home/moutik/Downloads/turtlebot3-master/install/turtlebot3_slam/lib/pkgconfig:/home/moutik/Downloads/turtlebot3-master/install/turtlebot3_navigation/lib/x86_64-linux-gnu/pkgconfig:/home/moutik/Downloads/turtlebot3-master/install/turtlebot3_navigation/lib/pkgconfig:/home/moutik/Downloads/turtlebot3-master/install/turtlebot3_example/lib/x86_64-linux-gnu/pkgconfig:/home/moutik/Downloads/turtlebot3-master/install/turtlebot3_example/lib/pkgconfig:/home/moutik/Downloads/turtlebot3-master/install/turtlebot3_bringup/lib/x86_64-linux-gnu/pkgconfig:/home/moutik/Downloads/turtlebot3-master/install/turtlebot3_bringup/lib/pkgconfig:/opt/ros/melodic/lib/pkgconfig PYTHONPATH=/home/moutik/Downloads/turtlebot3-master/install/turtlebot3_teleop/lib/python2.7/dist-packages:/home/moutik/Downloads/turtlebot3-master/install/turtlebot3_example/lib/python2.7/dist-packages:/opt/ros/melodic/lib/python2.7/dist-packages ROS_PACKAGE_PATH=/home/moutik/Downloads/turtlebot3-master/install/turtlebot3_teleop/share:/home/moutik/Downloads/turtlebot3-master/install/turtlebot3_description/share:/home/moutik/Downloads/turtlebot3-master/install/turtlebot3/share:/home/moutik/Downloads/turtlebot3-master/install/turtlebot3_slam/share:/home/moutik/Downloads/turtlebot3-master/install/turtlebot3_navigation/share:/home/moutik/Downloads/turtlebot3-master/install/turtlebot3_example/share:/home/moutik/Downloads/turtlebot3-master/install/turtlebot3_bringup/share:/opt/ros/melodic/share /usr/bin/cmake --build /home/moutik/Downloads/turtlebot3-master/build/turtlebot3_bringup --target install -- -j2 -l2
[2.792s] [  0%] Built target turtlebot3_msgs_generate_messages_nodejs
[2.794s] [  0%] Built target turtlebot3_msgs_generate_messages_cpp
[2.870s] [  0%] Built target turtlebot3_msgs_generate_messages_eus
[2.871s] [  0%] Built target turtlebot3_msgs_generate_messages_lisp
[2.946s] [  0%] Built target rosgraph_msgs_generate_messages_nodejs
[2.948s] [  0%] Built target rosgraph_msgs_generate_messages_py
[3.027s] [  0%] Built target rosgraph_msgs_generate_messages_lisp
[3.027s] [  0%] Built target std_msgs_generate_messages_eus
[3.111s] [  0%] Built target rosgraph_msgs_generate_messages_eus
[3.113s] [  0%] Built target rosgraph_msgs_generate_messages_cpp
[3.194s] [  0%] Built target roscpp_generate_messages_py
[3.203s] [  0%] Built target std_msgs_generate_messages_py
[3.267s] [  0%] Built target geometry_msgs_generate_messages_eus
[3.277s] [  0%] Built target roscpp_generate_messages_nodejs
[3.332s] [  0%] Built target roscpp_generate_messages_eus
[3.345s] [  0%] Built target roscpp_generate_messages_lisp
[3.404s] [  0%] Built target std_msgs_generate_messages_cpp
[3.438s] [  0%] Built target geometry_msgs_generate_messages_nodejs
[3.494s] [  0%] Built target sensor_msgs_generate_messages_py
[3.528s] [  0%] Built target diagnostic_msgs_generate_messages_cpp
[3.583s] [  0%] Built target diagnostic_msgs_generate_messages_eus
[3.606s] [  0%] Built target std_msgs_generate_messages_lisp
[3.662s] [  0%] Built target sensor_msgs_generate_messages_cpp
[3.693s] [  0%] Built target sensor_msgs_generate_messages_eus
[3.733s] [  0%] Built target std_msgs_generate_messages_nodejs
[3.768s] [  0%] Built target sensor_msgs_generate_messages_lisp
[3.811s] [  0%] Built target turtlebot3_msgs_generate_messages_py
[3.849s] [  0%] Built target roscpp_generate_messages_cpp
[3.899s] [  0%] Built target sensor_msgs_generate_messages_nodejs
[3.945s] [  0%] Built target diagnostic_msgs_generate_messages_py
[3.994s] [  0%] Built target geometry_msgs_generate_messages_cpp
[4.034s] [  0%] Built target geometry_msgs_generate_messages_lisp
[4.073s] [  0%] Built target geometry_msgs_generate_messages_py
[4.118s] [  0%] Built target diagnostic_msgs_generate_messages_lisp
[4.155s] [  0%] Built target diagnostic_msgs_generate_messages_nodejs
[4.239s] [100%] Built target turtlebot3_diagnostics
[4.304s] [36mInstall the project...[0m
[4.352s] -- Install configuration: ""
[4.355s] -- Up-to-date: /home/moutik/Downloads/turtlebot3-master/install/turtlebot3_bringup/lib/pkgconfig/turtlebot3_bringup.pc
[4.356s] -- Up-to-date: /home/moutik/Downloads/turtlebot3-master/install/turtlebot3_bringup/share/turtlebot3_bringup/cmake/turtlebot3_bringupConfig.cmake
[4.356s] -- Up-to-date: /home/moutik/Downloads/turtlebot3-master/install/turtlebot3_bringup/share/turtlebot3_bringup/cmake/turtlebot3_bringupConfig-version.cmake
[4.357s] -- Up-to-date: /home/moutik/Downloads/turtlebot3-master/install/turtlebot3_bringup/share/turtlebot3_bringup/package.xml
[4.364s] -- Up-to-date: /home/moutik/Downloads/turtlebot3-master/install/turtlebot3_bringup/lib/turtlebot3_bringup/turtlebot3_diagnostics
[4.366s] -- Up-to-date: /home/moutik/Downloads/turtlebot3-master/install/turtlebot3_bringup/lib/turtlebot3_bringup/create_udev_rules
[4.366s] -- Up-to-date: /home/moutik/Downloads/turtlebot3-master/install/turtlebot3_bringup/share/turtlebot3_bringup/launch
[4.366s] -- Up-to-date: /home/moutik/Downloads/turtlebot3-master/install/turtlebot3_bringup/share/turtlebot3_bringup/launch/turtlebot3_model.launch
[4.367s] -- Up-to-date: /home/moutik/Downloads/turtlebot3-master/install/turtlebot3_bringup/share/turtlebot3_bringup/launch/turtlebot3_core.launch
[4.367s] -- Up-to-date: /home/moutik/Downloads/turtlebot3-master/install/turtlebot3_bringup/share/turtlebot3_bringup/launch/turtlebot3_robot.launch
[4.367s] -- Up-to-date: /home/moutik/Downloads/turtlebot3-master/install/turtlebot3_bringup/share/turtlebot3_bringup/launch/turtlebot3_rpicamera.launch
[4.368s] -- Up-to-date: /home/moutik/Downloads/turtlebot3-master/install/turtlebot3_bringup/share/turtlebot3_bringup/launch/turtlebot3_remote.launch
[4.368s] -- Up-to-date: /home/moutik/Downloads/turtlebot3-master/install/turtlebot3_bringup/share/turtlebot3_bringup/launch/turtlebot3_lidar.launch
[4.368s] -- Up-to-date: /home/moutik/Downloads/turtlebot3-master/install/turtlebot3_bringup/share/turtlebot3_bringup/launch/turtlebot3_realsense.launch
[4.369s] -- Up-to-date: /home/moutik/Downloads/turtlebot3-master/install/turtlebot3_bringup/share/turtlebot3_bringup/launch/includes
[4.370s] -- Up-to-date: /home/moutik/Downloads/turtlebot3-master/install/turtlebot3_bringup/share/turtlebot3_bringup/launch/includes/description.launch.xml
[4.370s] -- Up-to-date: /home/moutik/Downloads/turtlebot3-master/install/turtlebot3_bringup/share/turtlebot3_bringup/99-turtlebot3-cdc.rules
[4.379s] Invoked command in '/home/moutik/Downloads/turtlebot3-master/build/turtlebot3_bringup' returned '0': CMAKE_PREFIX_PATH=/home/moutik/Downloads/turtlebot3-master/install/turtlebot3_teleop:/home/moutik/Downloads/turtlebot3-master/install/turtlebot3_description:/home/moutik/Downloads/turtlebot3-master/install/turtlebot3_slam:/home/moutik/Downloads/turtlebot3-master/install/turtlebot3_navigation:/home/moutik/Downloads/turtlebot3-master/install/turtlebot3_example:/home/moutik/Downloads/turtlebot3-master/install/turtlebot3_bringup:/opt/ros/melodic PKG_CONFIG_PATH=/home/moutik/Downloads/turtlebot3-master/install/turtlebot3_teleop/lib/x86_64-linux-gnu/pkgconfig:/home/moutik/Downloads/turtlebot3-master/install/turtlebot3_teleop/lib/pkgconfig:/home/moutik/Downloads/turtlebot3-master/install/turtlebot3_description/lib/x86_64-linux-gnu/pkgconfig:/home/moutik/Downloads/turtlebot3-master/install/turtlebot3_description/lib/pkgconfig:/home/moutik/Downloads/turtlebot3-master/install/turtlebot3/lib/x86_64-linux-gnu/pkgconfig:/home/moutik/Downloads/turtlebot3-master/install/turtlebot3/lib/pkgconfig:/home/moutik/Downloads/turtlebot3-master/install/turtlebot3_slam/lib/x86_64-linux-gnu/pkgconfig:/home/moutik/Downloads/turtlebot3-master/install/turtlebot3_slam/lib/pkgconfig:/home/moutik/Downloads/turtlebot3-master/install/turtlebot3_navigation/lib/x86_64-linux-gnu/pkgconfig:/home/moutik/Downloads/turtlebot3-master/install/turtlebot3_navigation/lib/pkgconfig:/home/moutik/Downloads/turtlebot3-master/install/turtlebot3_example/lib/x86_64-linux-gnu/pkgconfig:/home/moutik/Downloads/turtlebot3-master/install/turtlebot3_example/lib/pkgconfig:/home/moutik/Downloads/turtlebot3-master/install/turtlebot3_bringup/lib/x86_64-linux-gnu/pkgconfig:/home/moutik/Downloads/turtlebot3-master/install/turtlebot3_bringup/lib/pkgconfig:/opt/ros/melodic/lib/pkgconfig PYTHONPATH=/home/moutik/Downloads/turtlebot3-master/install/turtlebot3_teleop/lib/python2.7/dist-packages:/home/moutik/Downloads/turtlebot3-master/install/turtlebot3_example/lib/python2.7/dist-packages:/opt/ros/melodic/lib/python2.7/dist-packages ROS_PACKAGE_PATH=/home/moutik/Downloads/turtlebot3-master/install/turtlebot3_teleop/share:/home/moutik/Downloads/turtlebot3-master/install/turtlebot3_description/share:/home/moutik/Downloads/turtlebot3-master/install/turtlebot3/share:/home/moutik/Downloads/turtlebot3-master/install/turtlebot3_slam/share:/home/moutik/Downloads/turtlebot3-master/install/turtlebot3_navigation/share:/home/moutik/Downloads/turtlebot3-master/install/turtlebot3_example/share:/home/moutik/Downloads/turtlebot3-master/install/turtlebot3_bringup/share:/opt/ros/melodic/share /usr/bin/cmake --build /home/moutik/Downloads/turtlebot3-master/build/turtlebot3_bringup --target install -- -j2 -l2
